==19753== Memcheck, a memory error detector
==19753== Copyright (C) 2002-2022, and GNU GPL'd, by Julian Seward et al.
==19753== Using Valgrind-3.22.0 and LibVEX; rerun with -h for copyright info
==19753== Command: ./cub3d MAPS/bonus_map.cub
==19753== Parent PID: 5015
==19753== 
==19753== Syscall param writev(vector[0]) points to uninitialised byte(s)
==19753==    at 0x4BD8894: writev (writev.c:26)
==19753==    by 0x4CCFACA: ??? (in /usr/lib/x86_64-linux-gnu/libxcb.so.1.1.0)
==19753==    by 0x4CCFC4E: ??? (in /usr/lib/x86_64-linux-gnu/libxcb.so.1.1.0)
==19753==    by 0x4CD0D7E: xcb_writev (in /usr/lib/x86_64-linux-gnu/libxcb.so.1.1.0)
==19753==    by 0x48CA0B8: _XSend (in /usr/lib/x86_64-linux-gnu/libX11.so.6.4.0)
==19753==    by 0x48CF148: _XReadEvents (in /usr/lib/x86_64-linux-gnu/libX11.so.6.4.0)
==19753==    by 0x48CF52B: XWindowEvent (in /usr/lib/x86_64-linux-gnu/libX11.so.6.4.0)
==19753==    by 0x116E85: mlx_int_wait_first_expose (in /home/manon/Documents/42/cub3dgit/cub3d)
==19753==    by 0x116BB5: mlx_new_window (in /home/manon/Documents/42/cub3dgit/cub3d)
==19753==    by 0x1134A4: display_window (display.c:91)
==19753==    by 0x113A11: main (main.c:149)
==19753==  Address 0x4d2f15c is 28 bytes inside a block of size 16,384 alloc'd
==19753==    at 0x484D953: calloc (in /usr/libexec/valgrind/vgpreload_memcheck-amd64-linux.so)
==19753==    by 0x48B942D: XOpenDisplay (in /usr/lib/x86_64-linux-gnu/libX11.so.6.4.0)
==19753==    by 0x116966: mlx_init (in /home/manon/Documents/42/cub3dgit/cub3d)
==19753==    by 0x11344A: display_window (display.c:88)
==19753==    by 0x113A11: main (main.c:149)
==19753==  Uninitialised value was created by a stack allocation
==19753==    at 0x116D90: mlx_int_anti_resize_win (in /home/manon/Documents/42/cub3dgit/cub3d)
==19753== 
==19753== 
==19753== HEAP SUMMARY:
==19753==     in use at exit: 31,839 bytes in 405 blocks
==19753==   total heap usage: 6,937 allocs, 6,532 frees, 6,838,040 bytes allocated
==19753== 
==19753== 2 bytes in 1 blocks are still reachable in loss record 1 of 65
==19753==    at 0x4846828: malloc (in /usr/libexec/valgrind/vgpreload_memcheck-amd64-linux.so)
==19753==    by 0x4B6335E: strdup (strdup.c:42)
==19753==    by 0x48E1C87: _XlcCreateLC (in /usr/lib/x86_64-linux-gnu/libX11.so.6.4.0)
==19753==    by 0x4901D53: _XlcDefaultLoader (in /usr/lib/x86_64-linux-gnu/libX11.so.6.4.0)
==19753==    by 0x48E6130: _XOpenLC (in /usr/lib/x86_64-linux-gnu/libX11.so.6.4.0)
==19753==    by 0x48E6B76: _XrmInitParseInfo (in /usr/lib/x86_64-linux-gnu/libX11.so.6.4.0)
==19753==    by 0x48D00AF: ??? (in /usr/lib/x86_64-linux-gnu/libX11.so.6.4.0)
==19753==    by 0x48D0532: XrmGetStringDatabase (in /usr/lib/x86_64-linux-gnu/libX11.so.6.4.0)
==19753==    by 0x48ADF4C: ??? (in /usr/lib/x86_64-linux-gnu/libX11.so.6.4.0)
==19753==    by 0x48AE13D: XGetDefault (in /usr/lib/x86_64-linux-gnu/libX11.so.6.4.0)
==19753==    by 0x5163A82: _XcursorGetDisplayInfo (in /usr/lib/x86_64-linux-gnu/libXcursor.so.1.0.2)
==19753==    by 0x5163BBC: XcursorSupportsARGB (in /usr/lib/x86_64-linux-gnu/libXcursor.so.1.0.2)
==19753== 
==19753== 2 bytes in 1 blocks are still reachable in loss record 2 of 65
==19753==    at 0x4846828: malloc (in /usr/libexec/valgrind/vgpreload_memcheck-amd64-linux.so)
==19753==    by 0x4B6335E: strdup (strdup.c:42)
==19753==    by 0x48E0F67: _XlcResolveLocaleName (in /usr/lib/x86_64-linux-gnu/libX11.so.6.4.0)
==19753==    by 0x48E6EF9: ??? (in /usr/lib/x86_64-linux-gnu/libX11.so.6.4.0)
==19753==    by 0x48E504E: ??? (in /usr/lib/x86_64-linux-gnu/libX11.so.6.4.0)
==19753==    by 0x48E1C3D: _XlcCreateLC (in /usr/lib/x86_64-linux-gnu/libX11.so.6.4.0)
==19753==    by 0x4901D53: _XlcDefaultLoader (in /usr/lib/x86_64-linux-gnu/libX11.so.6.4.0)
==19753==    by 0x48E6130: _XOpenLC (in /usr/lib/x86_64-linux-gnu/libX11.so.6.4.0)
==19753==    by 0x48E6B76: _XrmInitParseInfo (in /usr/lib/x86_64-linux-gnu/libX11.so.6.4.0)
==19753==    by 0x48D00AF: ??? (in /usr/lib/x86_64-linux-gnu/libX11.so.6.4.0)
==19753==    by 0x48D0532: XrmGetStringDatabase (in /usr/lib/x86_64-linux-gnu/libX11.so.6.4.0)
==19753==    by 0x48ADF4C: ??? (in /usr/lib/x86_64-linux-gnu/libX11.so.6.4.0)
==19753== 
==19753== 7 bytes in 1 blocks are still reachable in loss record 3 of 65
==19753==    at 0x4846828: malloc (in /usr/libexec/valgrind/vgpreload_memcheck-amd64-linux.so)
==19753==    by 0x4B6335E: strdup (strdup.c:42)
==19753==    by 0x48E6DC2: ??? (in /usr/lib/x86_64-linux-gnu/libX11.so.6.4.0)
==19753==    by 0x48E504E: ??? (in /usr/lib/x86_64-linux-gnu/libX11.so.6.4.0)
==19753==    by 0x48E1C3D: _XlcCreateLC (in /usr/lib/x86_64-linux-gnu/libX11.so.6.4.0)
==19753==    by 0x4901D53: _XlcDefaultLoader (in /usr/lib/x86_64-linux-gnu/libX11.so.6.4.0)
==19753==    by 0x48E6130: _XOpenLC (in /usr/lib/x86_64-linux-gnu/libX11.so.6.4.0)
==19753==    by 0x48E6B76: _XrmInitParseInfo (in /usr/lib/x86_64-linux-gnu/libX11.so.6.4.0)
==19753==    by 0x48D00AF: ??? (in /usr/lib/x86_64-linux-gnu/libX11.so.6.4.0)
==19753==    by 0x48D0532: XrmGetStringDatabase (in /usr/lib/x86_64-linux-gnu/libX11.so.6.4.0)
==19753==    by 0x48ADF4C: ??? (in /usr/lib/x86_64-linux-gnu/libX11.so.6.4.0)
==19753==    by 0x48AE13D: XGetDefault (in /usr/lib/x86_64-linux-gnu/libX11.so.6.4.0)
==19753== 
==19753== 10 bytes in 1 blocks are definitely lost in loss record 4 of 65
==19753==    at 0x4846828: malloc (in /usr/libexec/valgrind/vgpreload_memcheck-amd64-linux.so)
==19753==    by 0x115360: ft_calloc (ft_calloc.c:21)
==19753==    by 0x1154F0: ft_substr (ft_substr.c:39)
==19753==    by 0x11023D: import_tex (checktexture.c:33)
==19753==    by 0x1103C1: get_texs (checktexture.c:50)
==19753==    by 0x1104AE: read_texs (checktexture.c:79)
==19753==    by 0x1100D1: get_map (checkmap.c:131)
==19753==    by 0x1139F7: main (main.c:147)
==19753== 
==19753== 16 bytes in 1 blocks are still reachable in loss record 5 of 65
==19753==    at 0x4846828: malloc (in /usr/libexec/valgrind/vgpreload_memcheck-amd64-linux.so)
==19753==    by 0x48E20FF: _XlcAddLoader (in /usr/lib/x86_64-linux-gnu/libX11.so.6.4.0)
==19753==    by 0x48E2175: _XlcInitLoader (in /usr/lib/x86_64-linux-gnu/libX11.so.6.4.0)
==19753==    by 0x48E6108: _XOpenLC (in /usr/lib/x86_64-linux-gnu/libX11.so.6.4.0)
==19753==    by 0x48E6B76: _XrmInitParseInfo (in /usr/lib/x86_64-linux-gnu/libX11.so.6.4.0)
==19753==    by 0x48D00AF: ??? (in /usr/lib/x86_64-linux-gnu/libX11.so.6.4.0)
==19753==    by 0x48D0532: XrmGetStringDatabase (in /usr/lib/x86_64-linux-gnu/libX11.so.6.4.0)
==19753==    by 0x48ADF4C: ??? (in /usr/lib/x86_64-linux-gnu/libX11.so.6.4.0)
==19753==    by 0x48AE13D: XGetDefault (in /usr/lib/x86_64-linux-gnu/libX11.so.6.4.0)
==19753==    by 0x5163A82: _XcursorGetDisplayInfo (in /usr/lib/x86_64-linux-gnu/libXcursor.so.1.0.2)
==19753==    by 0x5163BBC: XcursorSupportsARGB (in /usr/lib/x86_64-linux-gnu/libXcursor.so.1.0.2)
==19753==    by 0x516705E: XcursorNoticeCreateBitmap (in /usr/lib/x86_64-linux-gnu/libXcursor.so.1.0.2)
==19753== 
==19753== 16 bytes in 1 blocks are still reachable in loss record 6 of 65
==19753==    at 0x4846828: malloc (in /usr/libexec/valgrind/vgpreload_memcheck-amd64-linux.so)
==19753==    by 0x48E20FF: _XlcAddLoader (in /usr/lib/x86_64-linux-gnu/libX11.so.6.4.0)
==19753==    by 0x48E2183: _XlcInitLoader (in /usr/lib/x86_64-linux-gnu/libX11.so.6.4.0)
==19753==    by 0x48E6108: _XOpenLC (in /usr/lib/x86_64-linux-gnu/libX11.so.6.4.0)
==19753==    by 0x48E6B76: _XrmInitParseInfo (in /usr/lib/x86_64-linux-gnu/libX11.so.6.4.0)
==19753==    by 0x48D00AF: ??? (in /usr/lib/x86_64-linux-gnu/libX11.so.6.4.0)
==19753==    by 0x48D0532: XrmGetStringDatabase (in /usr/lib/x86_64-linux-gnu/libX11.so.6.4.0)
==19753==    by 0x48ADF4C: ??? (in /usr/lib/x86_64-linux-gnu/libX11.so.6.4.0)
==19753==    by 0x48AE13D: XGetDefault (in /usr/lib/x86_64-linux-gnu/libX11.so.6.4.0)
==19753==    by 0x5163A82: _XcursorGetDisplayInfo (in /usr/lib/x86_64-linux-gnu/libXcursor.so.1.0.2)
==19753==    by 0x5163BBC: XcursorSupportsARGB (in /usr/lib/x86_64-linux-gnu/libXcursor.so.1.0.2)
==19753==    by 0x516705E: XcursorNoticeCreateBitmap (in /usr/lib/x86_64-linux-gnu/libXcursor.so.1.0.2)
==19753== 
==19753== 16 bytes in 1 blocks are still reachable in loss record 7 of 65
==19753==    at 0x4846828: malloc (in /usr/libexec/valgrind/vgpreload_memcheck-amd64-linux.so)
==19753==    by 0x48E20FF: _XlcAddLoader (in /usr/lib/x86_64-linux-gnu/libX11.so.6.4.0)
==19753==    by 0x48E6108: _XOpenLC (in /usr/lib/x86_64-linux-gnu/libX11.so.6.4.0)
==19753==    by 0x48E6B76: _XrmInitParseInfo (in /usr/lib/x86_64-linux-gnu/libX11.so.6.4.0)
==19753==    by 0x48D00AF: ??? (in /usr/lib/x86_64-linux-gnu/libX11.so.6.4.0)
==19753==    by 0x48D0532: XrmGetStringDatabase (in /usr/lib/x86_64-linux-gnu/libX11.so.6.4.0)
==19753==    by 0x48ADF4C: ??? (in /usr/lib/x86_64-linux-gnu/libX11.so.6.4.0)
==19753==    by 0x48AE13D: XGetDefault (in /usr/lib/x86_64-linux-gnu/libX11.so.6.4.0)
==19753==    by 0x5163A82: _XcursorGetDisplayInfo (in /usr/lib/x86_64-linux-gnu/libXcursor.so.1.0.2)
==19753==    by 0x5163BBC: XcursorSupportsARGB (in /usr/lib/x86_64-linux-gnu/libXcursor.so.1.0.2)
==19753==    by 0x516705E: XcursorNoticeCreateBitmap (in /usr/lib/x86_64-linux-gnu/libXcursor.so.1.0.2)
==19753==    by 0x48A6800: XCreatePixmap (in /usr/lib/x86_64-linux-gnu/libX11.so.6.4.0)
==19753== 
==19753== 16 bytes in 1 blocks are still reachable in loss record 8 of 65
==19753==    at 0x484DB80: realloc (in /usr/libexec/valgrind/vgpreload_memcheck-amd64-linux.so)
==19753==    by 0x48E024F: ??? (in /usr/lib/x86_64-linux-gnu/libX11.so.6.4.0)
==19753==    by 0x48E32A3: ??? (in /usr/lib/x86_64-linux-gnu/libX11.so.6.4.0)
==19753==    by 0x48E505A: ??? (in /usr/lib/x86_64-linux-gnu/libX11.so.6.4.0)
==19753==    by 0x48E1C3D: _XlcCreateLC (in /usr/lib/x86_64-linux-gnu/libX11.so.6.4.0)
==19753==    by 0x4901D53: _XlcDefaultLoader (in /usr/lib/x86_64-linux-gnu/libX11.so.6.4.0)
==19753==    by 0x48E6130: _XOpenLC (in /usr/lib/x86_64-linux-gnu/libX11.so.6.4.0)
==19753==    by 0x48E6B76: _XrmInitParseInfo (in /usr/lib/x86_64-linux-gnu/libX11.so.6.4.0)
==19753==    by 0x48D00AF: ??? (in /usr/lib/x86_64-linux-gnu/libX11.so.6.4.0)
==19753==    by 0x48D0532: XrmGetStringDatabase (in /usr/lib/x86_64-linux-gnu/libX11.so.6.4.0)
==19753==    by 0x48ADF4C: ??? (in /usr/lib/x86_64-linux-gnu/libX11.so.6.4.0)
==19753==    by 0x48AE13D: XGetDefault (in /usr/lib/x86_64-linux-gnu/libX11.so.6.4.0)
==19753== 
==19753== 16 bytes in 1 blocks are still reachable in loss record 9 of 65
==19753==    at 0x4846828: malloc (in /usr/libexec/valgrind/vgpreload_memcheck-amd64-linux.so)
==19753==    by 0x48E6142: _XOpenLC (in /usr/lib/x86_64-linux-gnu/libX11.so.6.4.0)
==19753==    by 0x48E6B76: _XrmInitParseInfo (in /usr/lib/x86_64-linux-gnu/libX11.so.6.4.0)
==19753==    by 0x48D00AF: ??? (in /usr/lib/x86_64-linux-gnu/libX11.so.6.4.0)
==19753==    by 0x48D0532: XrmGetStringDatabase (in /usr/lib/x86_64-linux-gnu/libX11.so.6.4.0)
==19753==    by 0x48ADF4C: ??? (in /usr/lib/x86_64-linux-gnu/libX11.so.6.4.0)
==19753==    by 0x48AE13D: XGetDefault (in /usr/lib/x86_64-linux-gnu/libX11.so.6.4.0)
==19753==    by 0x5163A82: _XcursorGetDisplayInfo (in /usr/lib/x86_64-linux-gnu/libXcursor.so.1.0.2)
==19753==    by 0x5163BBC: XcursorSupportsARGB (in /usr/lib/x86_64-linux-gnu/libXcursor.so.1.0.2)
==19753==    by 0x516705E: XcursorNoticeCreateBitmap (in /usr/lib/x86_64-linux-gnu/libXcursor.so.1.0.2)
==19753==    by 0x48A6800: XCreatePixmap (in /usr/lib/x86_64-linux-gnu/libX11.so.6.4.0)
==19753==    by 0x48AABA7: XCreateBitmapFromData (in /usr/lib/x86_64-linux-gnu/libX11.so.6.4.0)
==19753== 
==19753== 16 bytes in 2 blocks are still reachable in loss record 10 of 65
==19753==    at 0x4846828: malloc (in /usr/libexec/valgrind/vgpreload_memcheck-amd64-linux.so)
==19753==    by 0x48E3859: ??? (in /usr/lib/x86_64-linux-gnu/libX11.so.6.4.0)
==19753==    by 0x48E505A: ??? (in /usr/lib/x86_64-linux-gnu/libX11.so.6.4.0)
==19753==    by 0x48E1C3D: _XlcCreateLC (in /usr/lib/x86_64-linux-gnu/libX11.so.6.4.0)
==19753==    by 0x4901D53: _XlcDefaultLoader (in /usr/lib/x86_64-linux-gnu/libX11.so.6.4.0)
==19753==    by 0x48E6130: _XOpenLC (in /usr/lib/x86_64-linux-gnu/libX11.so.6.4.0)
==19753==    by 0x48E6B76: _XrmInitParseInfo (in /usr/lib/x86_64-linux-gnu/libX11.so.6.4.0)
==19753==    by 0x48D00AF: ??? (in /usr/lib/x86_64-linux-gnu/libX11.so.6.4.0)
==19753==    by 0x48D0532: XrmGetStringDatabase (in /usr/lib/x86_64-linux-gnu/libX11.so.6.4.0)
==19753==    by 0x48ADF4C: ??? (in /usr/lib/x86_64-linux-gnu/libX11.so.6.4.0)
==19753==    by 0x48AE13D: XGetDefault (in /usr/lib/x86_64-linux-gnu/libX11.so.6.4.0)
==19753==    by 0x5163A82: _XcursorGetDisplayInfo (in /usr/lib/x86_64-linux-gnu/libXcursor.so.1.0.2)
==19753== 
==19753== 23 bytes in 1 blocks are definitely lost in loss record 11 of 65
==19753==    at 0x4846828: malloc (in /usr/libexec/valgrind/vgpreload_memcheck-amd64-linux.so)
==19753==    by 0x115360: ft_calloc (ft_calloc.c:21)
==19753==    by 0x1154F0: ft_substr (ft_substr.c:39)
==19753==    by 0x11023D: import_tex (checktexture.c:33)
==19753==    by 0x110353: get_texs (checktexture.c:46)
==19753==    by 0x1104AE: read_texs (checktexture.c:79)
==19753==    by 0x1100D1: get_map (checkmap.c:131)
==19753==    by 0x1139F7: main (main.c:147)
==19753== 
==19753== 23 bytes in 1 blocks are definitely lost in loss record 12 of 65
==19753==    at 0x4846828: malloc (in /usr/libexec/valgrind/vgpreload_memcheck-amd64-linux.so)
==19753==    by 0x115360: ft_calloc (ft_calloc.c:21)
==19753==    by 0x1154F0: ft_substr (ft_substr.c:39)
==19753==    by 0x11023D: import_tex (checktexture.c:33)
==19753==    by 0x110319: get_texs (checktexture.c:44)
==19753==    by 0x1104AE: read_texs (checktexture.c:79)
==19753==    by 0x1100D1: get_map (checkmap.c:131)
==19753==    by 0x1139F7: main (main.c:147)
==19753== 
==19753== 24 bytes in 1 blocks are still reachable in loss record 13 of 65
==19753==    at 0x484D953: calloc (in /usr/libexec/valgrind/vgpreload_memcheck-amd64-linux.so)
==19753==    by 0x48DFF52: ??? (in /usr/lib/x86_64-linux-gnu/libX11.so.6.4.0)
==19753==    by 0x48E1C1A: _XlcCreateLC (in /usr/lib/x86_64-linux-gnu/libX11.so.6.4.0)
==19753==    by 0x4901D53: _XlcDefaultLoader (in /usr/lib/x86_64-linux-gnu/libX11.so.6.4.0)
==19753==    by 0x48E6130: _XOpenLC (in /usr/lib/x86_64-linux-gnu/libX11.so.6.4.0)
==19753==    by 0x48E6B76: _XrmInitParseInfo (in /usr/lib/x86_64-linux-gnu/libX11.so.6.4.0)
==19753==    by 0x48D00AF: ??? (in /usr/lib/x86_64-linux-gnu/libX11.so.6.4.0)
==19753==    by 0x48D0532: XrmGetStringDatabase (in /usr/lib/x86_64-linux-gnu/libX11.so.6.4.0)
==19753==    by 0x48ADF4C: ??? (in /usr/lib/x86_64-linux-gnu/libX11.so.6.4.0)
==19753==    by 0x48AE13D: XGetDefault (in /usr/lib/x86_64-linux-gnu/libX11.so.6.4.0)
==19753==    by 0x5163A82: _XcursorGetDisplayInfo (in /usr/lib/x86_64-linux-gnu/libXcursor.so.1.0.2)
==19753==    by 0x5163BBC: XcursorSupportsARGB (in /usr/lib/x86_64-linux-gnu/libXcursor.so.1.0.2)
==19753== 
==19753== 24 bytes in 1 blocks are definitely lost in loss record 14 of 65
==19753==    at 0x4846828: malloc (in /usr/libexec/valgrind/vgpreload_memcheck-amd64-linux.so)
==19753==    by 0x115360: ft_calloc (ft_calloc.c:21)
==19753==    by 0x1154F0: ft_substr (ft_substr.c:39)
==19753==    by 0x11023D: import_tex (checktexture.c:33)
==19753==    by 0x1102A5: get_texs (checktexture.c:40)
==19753==    by 0x1104AE: read_texs (checktexture.c:79)
==19753==    by 0x1100D1: get_map (checkmap.c:131)
==19753==    by 0x1139F7: main (main.c:147)
==19753== 
==19753== 24 bytes in 1 blocks are definitely lost in loss record 15 of 65
==19753==    at 0x4846828: malloc (in /usr/libexec/valgrind/vgpreload_memcheck-amd64-linux.so)
==19753==    by 0x115360: ft_calloc (ft_calloc.c:21)
==19753==    by 0x1154F0: ft_substr (ft_substr.c:39)
==19753==    by 0x11023D: import_tex (checktexture.c:33)
==19753==    by 0x1102DF: get_texs (checktexture.c:42)
==19753==    by 0x1104AE: read_texs (checktexture.c:79)
==19753==    by 0x1100D1: get_map (checkmap.c:131)
==19753==    by 0x1139F7: main (main.c:147)
==19753== 
==19753== 32 bytes in 1 blocks are still reachable in loss record 16 of 65
==19753==    at 0x4846828: malloc (in /usr/libexec/valgrind/vgpreload_memcheck-amd64-linux.so)
==19753==    by 0x48D5C6F: ??? (in /usr/lib/x86_64-linux-gnu/libX11.so.6.4.0)
==19753==    by 0x48CBED7: ??? (in /usr/lib/x86_64-linux-gnu/libX11.so.6.4.0)
==19753==    by 0x48D055F: XrmGetStringDatabase (in /usr/lib/x86_64-linux-gnu/libX11.so.6.4.0)
==19753==    by 0x48ADF4C: ??? (in /usr/lib/x86_64-linux-gnu/libX11.so.6.4.0)
==19753==    by 0x48AE13D: XGetDefault (in /usr/lib/x86_64-linux-gnu/libX11.so.6.4.0)
==19753==    by 0x5163A82: _XcursorGetDisplayInfo (in /usr/lib/x86_64-linux-gnu/libXcursor.so.1.0.2)
==19753==    by 0x5163BBC: XcursorSupportsARGB (in /usr/lib/x86_64-linux-gnu/libXcursor.so.1.0.2)
==19753==    by 0x516705E: XcursorNoticeCreateBitmap (in /usr/lib/x86_64-linux-gnu/libXcursor.so.1.0.2)
==19753==    by 0x48A6800: XCreatePixmap (in /usr/lib/x86_64-linux-gnu/libX11.so.6.4.0)
==19753==    by 0x48AABA7: XCreateBitmapFromData (in /usr/lib/x86_64-linux-gnu/libX11.so.6.4.0)
==19753==    by 0x118B40: mlx_mouse_hide (in /home/manon/Documents/42/cub3dgit/cub3d)
==19753== 
==19753== 38 bytes in 1 blocks are still reachable in loss record 17 of 65
==19753==    at 0x4846828: malloc (in /usr/libexec/valgrind/vgpreload_memcheck-amd64-linux.so)
==19753==    by 0x4028ABF: malloc (rtld-malloc.h:56)
==19753==    by 0x4028ABF: strdup (strdup.c:42)
==19753==    by 0x4016A95: _dl_load_cache_lookup (dl-cache.c:515)
==19753==    by 0x40097CA: _dl_map_object (dl-load.c:2135)
==19753==    by 0x400D8DB: dl_open_worker_begin (dl-open.c:578)
==19753==    by 0x400151B: _dl_catch_exception (dl-catch.c:237)
==19753==    by 0x400CD1F: dl_open_worker (dl-open.c:803)
==19753==    by 0x400151B: _dl_catch_exception (dl-catch.c:237)
==19753==    by 0x400D163: _dl_open (dl-open.c:905)
==19753==    by 0x4B471A3: dlopen_doit (dlopen.c:56)
==19753==    by 0x400151B: _dl_catch_exception (dl-catch.c:237)
==19753==    by 0x4001668: _dl_catch_error (dl-catch.c:256)
==19753== 
==19753== 38 bytes in 1 blocks are still reachable in loss record 18 of 65
==19753==    at 0x4846828: malloc (in /usr/libexec/valgrind/vgpreload_memcheck-amd64-linux.so)
==19753==    by 0x400CA68: malloc (rtld-malloc.h:56)
==19753==    by 0x400CA68: _dl_new_object (dl-object.c:199)
==19753==    by 0x4007ABE: _dl_map_object_from_fd (dl-load.c:1053)
==19753==    by 0x4009528: _dl_map_object (dl-load.c:2268)
==19753==    by 0x400D8DB: dl_open_worker_begin (dl-open.c:578)
==19753==    by 0x400151B: _dl_catch_exception (dl-catch.c:237)
==19753==    by 0x400CD1F: dl_open_worker (dl-open.c:803)
==19753==    by 0x400151B: _dl_catch_exception (dl-catch.c:237)
==19753==    by 0x400D163: _dl_open (dl-open.c:905)
==19753==    by 0x4B471A3: dlopen_doit (dlopen.c:56)
==19753==    by 0x400151B: _dl_catch_exception (dl-catch.c:237)
==19753==    by 0x4001668: _dl_catch_error (dl-catch.c:256)
==19753== 
==19753== 40 bytes in 1 blocks are still reachable in loss record 19 of 65
==19753==    at 0x4846828: malloc (in /usr/libexec/valgrind/vgpreload_memcheck-amd64-linux.so)
==19753==    by 0x48E253C: _XlcCreateLocaleDataBase (in /usr/lib/x86_64-linux-gnu/libX11.so.6.4.0)
==19753==    by 0x48E6D0E: ??? (in /usr/lib/x86_64-linux-gnu/libX11.so.6.4.0)
==19753==    by 0x48E504E: ??? (in /usr/lib/x86_64-linux-gnu/libX11.so.6.4.0)
==19753==    by 0x48E1C3D: _XlcCreateLC (in /usr/lib/x86_64-linux-gnu/libX11.so.6.4.0)
==19753==    by 0x4901D53: _XlcDefaultLoader (in /usr/lib/x86_64-linux-gnu/libX11.so.6.4.0)
==19753==    by 0x48E6130: _XOpenLC (in /usr/lib/x86_64-linux-gnu/libX11.so.6.4.0)
==19753==    by 0x48E6B76: _XrmInitParseInfo (in /usr/lib/x86_64-linux-gnu/libX11.so.6.4.0)
==19753==    by 0x48D00AF: ??? (in /usr/lib/x86_64-linux-gnu/libX11.so.6.4.0)
==19753==    by 0x48D0532: XrmGetStringDatabase (in /usr/lib/x86_64-linux-gnu/libX11.so.6.4.0)
==19753==    by 0x48ADF4C: ??? (in /usr/lib/x86_64-linux-gnu/libX11.so.6.4.0)
==19753==    by 0x48AE13D: XGetDefault (in /usr/lib/x86_64-linux-gnu/libX11.so.6.4.0)
==19753== 
==19753== 47 bytes in 5 blocks are still reachable in loss record 20 of 65
==19753==    at 0x4846828: malloc (in /usr/libexec/valgrind/vgpreload_memcheck-amd64-linux.so)
==19753==    by 0x48DAA80: _XlcAddCT (in /usr/lib/x86_64-linux-gnu/libX11.so.6.4.0)
==19753==    by 0x48DAE0F: _XlcInitCTInfo (in /usr/lib/x86_64-linux-gnu/libX11.so.6.4.0)
==19753==    by 0x48E6BD5: ??? (in /usr/lib/x86_64-linux-gnu/libX11.so.6.4.0)
==19753==    by 0x48E504E: ??? (in /usr/lib/x86_64-linux-gnu/libX11.so.6.4.0)
==19753==    by 0x48E1C3D: _XlcCreateLC (in /usr/lib/x86_64-linux-gnu/libX11.so.6.4.0)
==19753==    by 0x4903E39: _XlcUtf8Loader (in /usr/lib/x86_64-linux-gnu/libX11.so.6.4.0)
==19753==    by 0x48E6130: _XOpenLC (in /usr/lib/x86_64-linux-gnu/libX11.so.6.4.0)
==19753==    by 0x48E6B76: _XrmInitParseInfo (in /usr/lib/x86_64-linux-gnu/libX11.so.6.4.0)
==19753==    by 0x48D00AF: ??? (in /usr/lib/x86_64-linux-gnu/libX11.so.6.4.0)
==19753==    by 0x48D0532: XrmGetStringDatabase (in /usr/lib/x86_64-linux-gnu/libX11.so.6.4.0)
==19753==    by 0x48ADF4C: ??? (in /usr/lib/x86_64-linux-gnu/libX11.so.6.4.0)
==19753== 
==19753== 64 bytes in 1 blocks are still reachable in loss record 21 of 65
==19753==    at 0x4846828: malloc (in /usr/libexec/valgrind/vgpreload_memcheck-amd64-linux.so)
==19753==    by 0x48BC872: _XrmInternalStringToQuark (in /usr/lib/x86_64-linux-gnu/libX11.so.6.4.0)
==19753==    by 0x48CFFC3: XrmInitialize (in /usr/lib/x86_64-linux-gnu/libX11.so.6.4.0)
==19753==    by 0x48ADF3B: ??? (in /usr/lib/x86_64-linux-gnu/libX11.so.6.4.0)
==19753==    by 0x48AE13D: XGetDefault (in /usr/lib/x86_64-linux-gnu/libX11.so.6.4.0)
==19753==    by 0x5163A82: _XcursorGetDisplayInfo (in /usr/lib/x86_64-linux-gnu/libXcursor.so.1.0.2)
==19753==    by 0x5163BBC: XcursorSupportsARGB (in /usr/lib/x86_64-linux-gnu/libXcursor.so.1.0.2)
==19753==    by 0x516705E: XcursorNoticeCreateBitmap (in /usr/lib/x86_64-linux-gnu/libXcursor.so.1.0.2)
==19753==    by 0x48A6800: XCreatePixmap (in /usr/lib/x86_64-linux-gnu/libX11.so.6.4.0)
==19753==    by 0x48AABA7: XCreateBitmapFromData (in /usr/lib/x86_64-linux-gnu/libX11.so.6.4.0)
==19753==    by 0x118B40: mlx_mouse_hide (in /home/manon/Documents/42/cub3dgit/cub3d)
==19753==    by 0x1136ED: display_window (display.c:112)
==19753== 
==19753== 64 bytes in 1 blocks are still reachable in loss record 22 of 65
==19753==    at 0x4846828: malloc (in /usr/libexec/valgrind/vgpreload_memcheck-amd64-linux.so)
==19753==    by 0x48DAD3D: _XlcSetConverter (in /usr/lib/x86_64-linux-gnu/libX11.so.6.4.0)
==19753==    by 0x48DAE58: _XlcInitCTInfo (in /usr/lib/x86_64-linux-gnu/libX11.so.6.4.0)
==19753==    by 0x48E6BD5: ??? (in /usr/lib/x86_64-linux-gnu/libX11.so.6.4.0)
==19753==    by 0x48E504E: ??? (in /usr/lib/x86_64-linux-gnu/libX11.so.6.4.0)
==19753==    by 0x48E1C3D: _XlcCreateLC (in /usr/lib/x86_64-linux-gnu/libX11.so.6.4.0)
==19753==    by 0x4903E39: _XlcUtf8Loader (in /usr/lib/x86_64-linux-gnu/libX11.so.6.4.0)
==19753==    by 0x48E6130: _XOpenLC (in /usr/lib/x86_64-linux-gnu/libX11.so.6.4.0)
==19753==    by 0x48E6B76: _XrmInitParseInfo (in /usr/lib/x86_64-linux-gnu/libX11.so.6.4.0)
==19753==    by 0x48D00AF: ??? (in /usr/lib/x86_64-linux-gnu/libX11.so.6.4.0)
==19753==    by 0x48D0532: XrmGetStringDatabase (in /usr/lib/x86_64-linux-gnu/libX11.so.6.4.0)
==19753==    by 0x48ADF4C: ??? (in /usr/lib/x86_64-linux-gnu/libX11.so.6.4.0)
==19753== 
==19753== 64 bytes in 1 blocks are still reachable in loss record 23 of 65
==19753==    at 0x4846828: malloc (in /usr/libexec/valgrind/vgpreload_memcheck-amd64-linux.so)
==19753==    by 0x48DAD3D: _XlcSetConverter (in /usr/lib/x86_64-linux-gnu/libX11.so.6.4.0)
==19753==    by 0x48DAE6E: _XlcInitCTInfo (in /usr/lib/x86_64-linux-gnu/libX11.so.6.4.0)
==19753==    by 0x48E6BD5: ??? (in /usr/lib/x86_64-linux-gnu/libX11.so.6.4.0)
==19753==    by 0x48E504E: ??? (in /usr/lib/x86_64-linux-gnu/libX11.so.6.4.0)
==19753==    by 0x48E1C3D: _XlcCreateLC (in /usr/lib/x86_64-linux-gnu/libX11.so.6.4.0)
==19753==    by 0x4903E39: _XlcUtf8Loader (in /usr/lib/x86_64-linux-gnu/libX11.so.6.4.0)
==19753==    by 0x48E6130: _XOpenLC (in /usr/lib/x86_64-linux-gnu/libX11.so.6.4.0)
==19753==    by 0x48E6B76: _XrmInitParseInfo (in /usr/lib/x86_64-linux-gnu/libX11.so.6.4.0)
==19753==    by 0x48D00AF: ??? (in /usr/lib/x86_64-linux-gnu/libX11.so.6.4.0)
==19753==    by 0x48D0532: XrmGetStringDatabase (in /usr/lib/x86_64-linux-gnu/libX11.so.6.4.0)
==19753==    by 0x48ADF4C: ??? (in /usr/lib/x86_64-linux-gnu/libX11.so.6.4.0)
==19753== 
==19753== 64 bytes in 1 blocks are still reachable in loss record 24 of 65
==19753==    at 0x4846828: malloc (in /usr/libexec/valgrind/vgpreload_memcheck-amd64-linux.so)
==19753==    by 0x48DAD3D: _XlcSetConverter (in /usr/lib/x86_64-linux-gnu/libX11.so.6.4.0)
==19753==    by 0x48DAE84: _XlcInitCTInfo (in /usr/lib/x86_64-linux-gnu/libX11.so.6.4.0)
==19753==    by 0x48E6BD5: ??? (in /usr/lib/x86_64-linux-gnu/libX11.so.6.4.0)
==19753==    by 0x48E504E: ??? (in /usr/lib/x86_64-linux-gnu/libX11.so.6.4.0)
==19753==    by 0x48E1C3D: _XlcCreateLC (in /usr/lib/x86_64-linux-gnu/libX11.so.6.4.0)
==19753==    by 0x4903E39: _XlcUtf8Loader (in /usr/lib/x86_64-linux-gnu/libX11.so.6.4.0)
==19753==    by 0x48E6130: _XOpenLC (in /usr/lib/x86_64-linux-gnu/libX11.so.6.4.0)
==19753==    by 0x48E6B76: _XrmInitParseInfo (in /usr/lib/x86_64-linux-gnu/libX11.so.6.4.0)
==19753==    by 0x48D00AF: ??? (in /usr/lib/x86_64-linux-gnu/libX11.so.6.4.0)
==19753==    by 0x48D0532: XrmGetStringDatabase (in /usr/lib/x86_64-linux-gnu/libX11.so.6.4.0)
==19753==    by 0x48ADF4C: ??? (in /usr/lib/x86_64-linux-gnu/libX11.so.6.4.0)
==19753== 
==19753== 64 bytes in 1 blocks are still reachable in loss record 25 of 65
==19753==    at 0x4846828: malloc (in /usr/libexec/valgrind/vgpreload_memcheck-amd64-linux.so)
==19753==    by 0x48DAD3D: _XlcSetConverter (in /usr/lib/x86_64-linux-gnu/libX11.so.6.4.0)
==19753==    by 0x48DAE9A: _XlcInitCTInfo (in /usr/lib/x86_64-linux-gnu/libX11.so.6.4.0)
==19753==    by 0x48E6BD5: ??? (in /usr/lib/x86_64-linux-gnu/libX11.so.6.4.0)
==19753==    by 0x48E504E: ??? (in /usr/lib/x86_64-linux-gnu/libX11.so.6.4.0)
==19753==    by 0x48E1C3D: _XlcCreateLC (in /usr/lib/x86_64-linux-gnu/libX11.so.6.4.0)
==19753==    by 0x4903E39: _XlcUtf8Loader (in /usr/lib/x86_64-linux-gnu/libX11.so.6.4.0)
==19753==    by 0x48E6130: _XOpenLC (in /usr/lib/x86_64-linux-gnu/libX11.so.6.4.0)
==19753==    by 0x48E6B76: _XrmInitParseInfo (in /usr/lib/x86_64-linux-gnu/libX11.so.6.4.0)
==19753==    by 0x48D00AF: ??? (in /usr/lib/x86_64-linux-gnu/libX11.so.6.4.0)
==19753==    by 0x48D0532: XrmGetStringDatabase (in /usr/lib/x86_64-linux-gnu/libX11.so.6.4.0)
==19753==    by 0x48ADF4C: ??? (in /usr/lib/x86_64-linux-gnu/libX11.so.6.4.0)
==19753== 
==19753== 64 bytes in 1 blocks are still reachable in loss record 26 of 65
==19753==    at 0x4846828: malloc (in /usr/libexec/valgrind/vgpreload_memcheck-amd64-linux.so)
==19753==    by 0x48DAD3D: _XlcSetConverter (in /usr/lib/x86_64-linux-gnu/libX11.so.6.4.0)
==19753==    by 0x4901DA1: _XlcDefaultLoader (in /usr/lib/x86_64-linux-gnu/libX11.so.6.4.0)
==19753==    by 0x48E6130: _XOpenLC (in /usr/lib/x86_64-linux-gnu/libX11.so.6.4.0)
==19753==    by 0x48E6B76: _XrmInitParseInfo (in /usr/lib/x86_64-linux-gnu/libX11.so.6.4.0)
==19753==    by 0x48D00AF: ??? (in /usr/lib/x86_64-linux-gnu/libX11.so.6.4.0)
==19753==    by 0x48D0532: XrmGetStringDatabase (in /usr/lib/x86_64-linux-gnu/libX11.so.6.4.0)
==19753==    by 0x48ADF4C: ??? (in /usr/lib/x86_64-linux-gnu/libX11.so.6.4.0)
==19753==    by 0x48AE13D: XGetDefault (in /usr/lib/x86_64-linux-gnu/libX11.so.6.4.0)
==19753==    by 0x5163A82: _XcursorGetDisplayInfo (in /usr/lib/x86_64-linux-gnu/libXcursor.so.1.0.2)
==19753==    by 0x5163BBC: XcursorSupportsARGB (in /usr/lib/x86_64-linux-gnu/libXcursor.so.1.0.2)
==19753==    by 0x516705E: XcursorNoticeCreateBitmap (in /usr/lib/x86_64-linux-gnu/libXcursor.so.1.0.2)
==19753== 
==19753== 64 bytes in 1 blocks are still reachable in loss record 27 of 65
==19753==    at 0x4846828: malloc (in /usr/libexec/valgrind/vgpreload_memcheck-amd64-linux.so)
==19753==    by 0x48DAD3D: _XlcSetConverter (in /usr/lib/x86_64-linux-gnu/libX11.so.6.4.0)
==19753==    by 0x4901DB9: _XlcDefaultLoader (in /usr/lib/x86_64-linux-gnu/libX11.so.6.4.0)
==19753==    by 0x48E6130: _XOpenLC (in /usr/lib/x86_64-linux-gnu/libX11.so.6.4.0)
==19753==    by 0x48E6B76: _XrmInitParseInfo (in /usr/lib/x86_64-linux-gnu/libX11.so.6.4.0)
==19753==    by 0x48D00AF: ??? (in /usr/lib/x86_64-linux-gnu/libX11.so.6.4.0)
==19753==    by 0x48D0532: XrmGetStringDatabase (in /usr/lib/x86_64-linux-gnu/libX11.so.6.4.0)
==19753==    by 0x48ADF4C: ??? (in /usr/lib/x86_64-linux-gnu/libX11.so.6.4.0)
==19753==    by 0x48AE13D: XGetDefault (in /usr/lib/x86_64-linux-gnu/libX11.so.6.4.0)
==19753==    by 0x5163A82: _XcursorGetDisplayInfo (in /usr/lib/x86_64-linux-gnu/libXcursor.so.1.0.2)
==19753==    by 0x5163BBC: XcursorSupportsARGB (in /usr/lib/x86_64-linux-gnu/libXcursor.so.1.0.2)
==19753==    by 0x516705E: XcursorNoticeCreateBitmap (in /usr/lib/x86_64-linux-gnu/libXcursor.so.1.0.2)
==19753== 
==19753== 64 bytes in 1 blocks are still reachable in loss record 28 of 65
==19753==    at 0x4846828: malloc (in /usr/libexec/valgrind/vgpreload_memcheck-amd64-linux.so)
==19753==    by 0x48DAD3D: _XlcSetConverter (in /usr/lib/x86_64-linux-gnu/libX11.so.6.4.0)
==19753==    by 0x4901DD1: _XlcDefaultLoader (in /usr/lib/x86_64-linux-gnu/libX11.so.6.4.0)
==19753==    by 0x48E6130: _XOpenLC (in /usr/lib/x86_64-linux-gnu/libX11.so.6.4.0)
==19753==    by 0x48E6B76: _XrmInitParseInfo (in /usr/lib/x86_64-linux-gnu/libX11.so.6.4.0)
==19753==    by 0x48D00AF: ??? (in /usr/lib/x86_64-linux-gnu/libX11.so.6.4.0)
==19753==    by 0x48D0532: XrmGetStringDatabase (in /usr/lib/x86_64-linux-gnu/libX11.so.6.4.0)
==19753==    by 0x48ADF4C: ??? (in /usr/lib/x86_64-linux-gnu/libX11.so.6.4.0)
==19753==    by 0x48AE13D: XGetDefault (in /usr/lib/x86_64-linux-gnu/libX11.so.6.4.0)
==19753==    by 0x5163A82: _XcursorGetDisplayInfo (in /usr/lib/x86_64-linux-gnu/libXcursor.so.1.0.2)
==19753==    by 0x5163BBC: XcursorSupportsARGB (in /usr/lib/x86_64-linux-gnu/libXcursor.so.1.0.2)
==19753==    by 0x516705E: XcursorNoticeCreateBitmap (in /usr/lib/x86_64-linux-gnu/libXcursor.so.1.0.2)
==19753== 
==19753== 64 bytes in 1 blocks are still reachable in loss record 29 of 65
==19753==    at 0x4846828: malloc (in /usr/libexec/valgrind/vgpreload_memcheck-amd64-linux.so)
==19753==    by 0x48DAD3D: _XlcSetConverter (in /usr/lib/x86_64-linux-gnu/libX11.so.6.4.0)
==19753==    by 0x4901DED: _XlcDefaultLoader (in /usr/lib/x86_64-linux-gnu/libX11.so.6.4.0)
==19753==    by 0x48E6130: _XOpenLC (in /usr/lib/x86_64-linux-gnu/libX11.so.6.4.0)
==19753==    by 0x48E6B76: _XrmInitParseInfo (in /usr/lib/x86_64-linux-gnu/libX11.so.6.4.0)
==19753==    by 0x48D00AF: ??? (in /usr/lib/x86_64-linux-gnu/libX11.so.6.4.0)
==19753==    by 0x48D0532: XrmGetStringDatabase (in /usr/lib/x86_64-linux-gnu/libX11.so.6.4.0)
==19753==    by 0x48ADF4C: ??? (in /usr/lib/x86_64-linux-gnu/libX11.so.6.4.0)
==19753==    by 0x48AE13D: XGetDefault (in /usr/lib/x86_64-linux-gnu/libX11.so.6.4.0)
==19753==    by 0x5163A82: _XcursorGetDisplayInfo (in /usr/lib/x86_64-linux-gnu/libXcursor.so.1.0.2)
==19753==    by 0x5163BBC: XcursorSupportsARGB (in /usr/lib/x86_64-linux-gnu/libXcursor.so.1.0.2)
==19753==    by 0x516705E: XcursorNoticeCreateBitmap (in /usr/lib/x86_64-linux-gnu/libXcursor.so.1.0.2)
==19753== 
==19753== 64 bytes in 1 blocks are still reachable in loss record 30 of 65
==19753==    at 0x4846828: malloc (in /usr/libexec/valgrind/vgpreload_memcheck-amd64-linux.so)
==19753==    by 0x48DAD3D: _XlcSetConverter (in /usr/lib/x86_64-linux-gnu/libX11.so.6.4.0)
==19753==    by 0x4901E05: _XlcDefaultLoader (in /usr/lib/x86_64-linux-gnu/libX11.so.6.4.0)
==19753==    by 0x48E6130: _XOpenLC (in /usr/lib/x86_64-linux-gnu/libX11.so.6.4.0)
==19753==    by 0x48E6B76: _XrmInitParseInfo (in /usr/lib/x86_64-linux-gnu/libX11.so.6.4.0)
==19753==    by 0x48D00AF: ??? (in /usr/lib/x86_64-linux-gnu/libX11.so.6.4.0)
==19753==    by 0x48D0532: XrmGetStringDatabase (in /usr/lib/x86_64-linux-gnu/libX11.so.6.4.0)
==19753==    by 0x48ADF4C: ??? (in /usr/lib/x86_64-linux-gnu/libX11.so.6.4.0)
==19753==    by 0x48AE13D: XGetDefault (in /usr/lib/x86_64-linux-gnu/libX11.so.6.4.0)
==19753==    by 0x5163A82: _XcursorGetDisplayInfo (in /usr/lib/x86_64-linux-gnu/libXcursor.so.1.0.2)
==19753==    by 0x5163BBC: XcursorSupportsARGB (in /usr/lib/x86_64-linux-gnu/libXcursor.so.1.0.2)
==19753==    by 0x516705E: XcursorNoticeCreateBitmap (in /usr/lib/x86_64-linux-gnu/libXcursor.so.1.0.2)
==19753== 
==19753== 64 bytes in 1 blocks are still reachable in loss record 31 of 65
==19753==    at 0x4846828: malloc (in /usr/libexec/valgrind/vgpreload_memcheck-amd64-linux.so)
==19753==    by 0x48DAD3D: _XlcSetConverter (in /usr/lib/x86_64-linux-gnu/libX11.so.6.4.0)
==19753==    by 0x4901E1D: _XlcDefaultLoader (in /usr/lib/x86_64-linux-gnu/libX11.so.6.4.0)
==19753==    by 0x48E6130: _XOpenLC (in /usr/lib/x86_64-linux-gnu/libX11.so.6.4.0)
==19753==    by 0x48E6B76: _XrmInitParseInfo (in /usr/lib/x86_64-linux-gnu/libX11.so.6.4.0)
==19753==    by 0x48D00AF: ??? (in /usr/lib/x86_64-linux-gnu/libX11.so.6.4.0)
==19753==    by 0x48D0532: XrmGetStringDatabase (in /usr/lib/x86_64-linux-gnu/libX11.so.6.4.0)
==19753==    by 0x48ADF4C: ??? (in /usr/lib/x86_64-linux-gnu/libX11.so.6.4.0)
==19753==    by 0x48AE13D: XGetDefault (in /usr/lib/x86_64-linux-gnu/libX11.so.6.4.0)
==19753==    by 0x5163A82: _XcursorGetDisplayInfo (in /usr/lib/x86_64-linux-gnu/libXcursor.so.1.0.2)
==19753==    by 0x5163BBC: XcursorSupportsARGB (in /usr/lib/x86_64-linux-gnu/libXcursor.so.1.0.2)
==19753==    by 0x516705E: XcursorNoticeCreateBitmap (in /usr/lib/x86_64-linux-gnu/libXcursor.so.1.0.2)
==19753== 
==19753== 64 bytes in 1 blocks are still reachable in loss record 32 of 65
==19753==    at 0x4846828: malloc (in /usr/libexec/valgrind/vgpreload_memcheck-amd64-linux.so)
==19753==    by 0x48DAD3D: _XlcSetConverter (in /usr/lib/x86_64-linux-gnu/libX11.so.6.4.0)
==19753==    by 0x4901E35: _XlcDefaultLoader (in /usr/lib/x86_64-linux-gnu/libX11.so.6.4.0)
==19753==    by 0x48E6130: _XOpenLC (in /usr/lib/x86_64-linux-gnu/libX11.so.6.4.0)
==19753==    by 0x48E6B76: _XrmInitParseInfo (in /usr/lib/x86_64-linux-gnu/libX11.so.6.4.0)
==19753==    by 0x48D00AF: ??? (in /usr/lib/x86_64-linux-gnu/libX11.so.6.4.0)
==19753==    by 0x48D0532: XrmGetStringDatabase (in /usr/lib/x86_64-linux-gnu/libX11.so.6.4.0)
==19753==    by 0x48ADF4C: ??? (in /usr/lib/x86_64-linux-gnu/libX11.so.6.4.0)
==19753==    by 0x48AE13D: XGetDefault (in /usr/lib/x86_64-linux-gnu/libX11.so.6.4.0)
==19753==    by 0x5163A82: _XcursorGetDisplayInfo (in /usr/lib/x86_64-linux-gnu/libXcursor.so.1.0.2)
==19753==    by 0x5163BBC: XcursorSupportsARGB (in /usr/lib/x86_64-linux-gnu/libXcursor.so.1.0.2)
==19753==    by 0x516705E: XcursorNoticeCreateBitmap (in /usr/lib/x86_64-linux-gnu/libXcursor.so.1.0.2)
==19753== 
==19753== 64 bytes in 1 blocks are still reachable in loss record 33 of 65
==19753==    at 0x4846828: malloc (in /usr/libexec/valgrind/vgpreload_memcheck-amd64-linux.so)
==19753==    by 0x48DAD3D: _XlcSetConverter (in /usr/lib/x86_64-linux-gnu/libX11.so.6.4.0)
==19753==    by 0x4901E4D: _XlcDefaultLoader (in /usr/lib/x86_64-linux-gnu/libX11.so.6.4.0)
==19753==    by 0x48E6130: _XOpenLC (in /usr/lib/x86_64-linux-gnu/libX11.so.6.4.0)
==19753==    by 0x48E6B76: _XrmInitParseInfo (in /usr/lib/x86_64-linux-gnu/libX11.so.6.4.0)
==19753==    by 0x48D00AF: ??? (in /usr/lib/x86_64-linux-gnu/libX11.so.6.4.0)
==19753==    by 0x48D0532: XrmGetStringDatabase (in /usr/lib/x86_64-linux-gnu/libX11.so.6.4.0)
==19753==    by 0x48ADF4C: ??? (in /usr/lib/x86_64-linux-gnu/libX11.so.6.4.0)
==19753==    by 0x48AE13D: XGetDefault (in /usr/lib/x86_64-linux-gnu/libX11.so.6.4.0)
==19753==    by 0x5163A82: _XcursorGetDisplayInfo (in /usr/lib/x86_64-linux-gnu/libXcursor.so.1.0.2)
==19753==    by 0x5163BBC: XcursorSupportsARGB (in /usr/lib/x86_64-linux-gnu/libXcursor.so.1.0.2)
==19753==    by 0x516705E: XcursorNoticeCreateBitmap (in /usr/lib/x86_64-linux-gnu/libXcursor.so.1.0.2)
==19753== 
==19753== 64 bytes in 1 blocks are still reachable in loss record 34 of 65
==19753==    at 0x4846828: malloc (in /usr/libexec/valgrind/vgpreload_memcheck-amd64-linux.so)
==19753==    by 0x48DAD3D: _XlcSetConverter (in /usr/lib/x86_64-linux-gnu/libX11.so.6.4.0)
==19753==    by 0x4901E65: _XlcDefaultLoader (in /usr/lib/x86_64-linux-gnu/libX11.so.6.4.0)
==19753==    by 0x48E6130: _XOpenLC (in /usr/lib/x86_64-linux-gnu/libX11.so.6.4.0)
==19753==    by 0x48E6B76: _XrmInitParseInfo (in /usr/lib/x86_64-linux-gnu/libX11.so.6.4.0)
==19753==    by 0x48D00AF: ??? (in /usr/lib/x86_64-linux-gnu/libX11.so.6.4.0)
==19753==    by 0x48D0532: XrmGetStringDatabase (in /usr/lib/x86_64-linux-gnu/libX11.so.6.4.0)
==19753==    by 0x48ADF4C: ??? (in /usr/lib/x86_64-linux-gnu/libX11.so.6.4.0)
==19753==    by 0x48AE13D: XGetDefault (in /usr/lib/x86_64-linux-gnu/libX11.so.6.4.0)
==19753==    by 0x5163A82: _XcursorGetDisplayInfo (in /usr/lib/x86_64-linux-gnu/libXcursor.so.1.0.2)
==19753==    by 0x5163BBC: XcursorSupportsARGB (in /usr/lib/x86_64-linux-gnu/libXcursor.so.1.0.2)
==19753==    by 0x516705E: XcursorNoticeCreateBitmap (in /usr/lib/x86_64-linux-gnu/libXcursor.so.1.0.2)
==19753== 
==19753== 64 bytes in 1 blocks are still reachable in loss record 35 of 65
==19753==    at 0x4846828: malloc (in /usr/libexec/valgrind/vgpreload_memcheck-amd64-linux.so)
==19753==    by 0x48DAD3D: _XlcSetConverter (in /usr/lib/x86_64-linux-gnu/libX11.so.6.4.0)
==19753==    by 0x4901E7D: _XlcDefaultLoader (in /usr/lib/x86_64-linux-gnu/libX11.so.6.4.0)
==19753==    by 0x48E6130: _XOpenLC (in /usr/lib/x86_64-linux-gnu/libX11.so.6.4.0)
==19753==    by 0x48E6B76: _XrmInitParseInfo (in /usr/lib/x86_64-linux-gnu/libX11.so.6.4.0)
==19753==    by 0x48D00AF: ??? (in /usr/lib/x86_64-linux-gnu/libX11.so.6.4.0)
==19753==    by 0x48D0532: XrmGetStringDatabase (in /usr/lib/x86_64-linux-gnu/libX11.so.6.4.0)
==19753==    by 0x48ADF4C: ??? (in /usr/lib/x86_64-linux-gnu/libX11.so.6.4.0)
==19753==    by 0x48AE13D: XGetDefault (in /usr/lib/x86_64-linux-gnu/libX11.so.6.4.0)
==19753==    by 0x5163A82: _XcursorGetDisplayInfo (in /usr/lib/x86_64-linux-gnu/libXcursor.so.1.0.2)
==19753==    by 0x5163BBC: XcursorSupportsARGB (in /usr/lib/x86_64-linux-gnu/libXcursor.so.1.0.2)
==19753==    by 0x516705E: XcursorNoticeCreateBitmap (in /usr/lib/x86_64-linux-gnu/libXcursor.so.1.0.2)
==19753== 
==19753== 64 bytes in 1 blocks are still reachable in loss record 36 of 65
==19753==    at 0x4846828: malloc (in /usr/libexec/valgrind/vgpreload_memcheck-amd64-linux.so)
==19753==    by 0x48DAD3D: _XlcSetConverter (in /usr/lib/x86_64-linux-gnu/libX11.so.6.4.0)
==19753==    by 0x4901E95: _XlcDefaultLoader (in /usr/lib/x86_64-linux-gnu/libX11.so.6.4.0)
==19753==    by 0x48E6130: _XOpenLC (in /usr/lib/x86_64-linux-gnu/libX11.so.6.4.0)
==19753==    by 0x48E6B76: _XrmInitParseInfo (in /usr/lib/x86_64-linux-gnu/libX11.so.6.4.0)
==19753==    by 0x48D00AF: ??? (in /usr/lib/x86_64-linux-gnu/libX11.so.6.4.0)
==19753==    by 0x48D0532: XrmGetStringDatabase (in /usr/lib/x86_64-linux-gnu/libX11.so.6.4.0)
==19753==    by 0x48ADF4C: ??? (in /usr/lib/x86_64-linux-gnu/libX11.so.6.4.0)
==19753==    by 0x48AE13D: XGetDefault (in /usr/lib/x86_64-linux-gnu/libX11.so.6.4.0)
==19753==    by 0x5163A82: _XcursorGetDisplayInfo (in /usr/lib/x86_64-linux-gnu/libXcursor.so.1.0.2)
==19753==    by 0x5163BBC: XcursorSupportsARGB (in /usr/lib/x86_64-linux-gnu/libXcursor.so.1.0.2)
==19753==    by 0x516705E: XcursorNoticeCreateBitmap (in /usr/lib/x86_64-linux-gnu/libXcursor.so.1.0.2)
==19753== 
==19753== 64 bytes in 1 blocks are still reachable in loss record 37 of 65
==19753==    at 0x4846828: malloc (in /usr/libexec/valgrind/vgpreload_memcheck-amd64-linux.so)
==19753==    by 0x48DAD3D: _XlcSetConverter (in /usr/lib/x86_64-linux-gnu/libX11.so.6.4.0)
==19753==    by 0x48E7D6B: _XlcAddUtf8Converters (in /usr/lib/x86_64-linux-gnu/libX11.so.6.4.0)
==19753==    by 0x4901E9D: _XlcDefaultLoader (in /usr/lib/x86_64-linux-gnu/libX11.so.6.4.0)
==19753==    by 0x48E6130: _XOpenLC (in /usr/lib/x86_64-linux-gnu/libX11.so.6.4.0)
==19753==    by 0x48E6B76: _XrmInitParseInfo (in /usr/lib/x86_64-linux-gnu/libX11.so.6.4.0)
==19753==    by 0x48D00AF: ??? (in /usr/lib/x86_64-linux-gnu/libX11.so.6.4.0)
==19753==    by 0x48D0532: XrmGetStringDatabase (in /usr/lib/x86_64-linux-gnu/libX11.so.6.4.0)
==19753==    by 0x48ADF4C: ??? (in /usr/lib/x86_64-linux-gnu/libX11.so.6.4.0)
==19753==    by 0x48AE13D: XGetDefault (in /usr/lib/x86_64-linux-gnu/libX11.so.6.4.0)
==19753==    by 0x5163A82: _XcursorGetDisplayInfo (in /usr/lib/x86_64-linux-gnu/libXcursor.so.1.0.2)
==19753==    by 0x5163BBC: XcursorSupportsARGB (in /usr/lib/x86_64-linux-gnu/libXcursor.so.1.0.2)
==19753== 
==19753== 64 bytes in 1 blocks are still reachable in loss record 38 of 65
==19753==    at 0x4846828: malloc (in /usr/libexec/valgrind/vgpreload_memcheck-amd64-linux.so)
==19753==    by 0x48DAD3D: _XlcSetConverter (in /usr/lib/x86_64-linux-gnu/libX11.so.6.4.0)
==19753==    by 0x48E7D8A: _XlcAddUtf8Converters (in /usr/lib/x86_64-linux-gnu/libX11.so.6.4.0)
==19753==    by 0x4901E9D: _XlcDefaultLoader (in /usr/lib/x86_64-linux-gnu/libX11.so.6.4.0)
==19753==    by 0x48E6130: _XOpenLC (in /usr/lib/x86_64-linux-gnu/libX11.so.6.4.0)
==19753==    by 0x48E6B76: _XrmInitParseInfo (in /usr/lib/x86_64-linux-gnu/libX11.so.6.4.0)
==19753==    by 0x48D00AF: ??? (in /usr/lib/x86_64-linux-gnu/libX11.so.6.4.0)
==19753==    by 0x48D0532: XrmGetStringDatabase (in /usr/lib/x86_64-linux-gnu/libX11.so.6.4.0)
==19753==    by 0x48ADF4C: ??? (in /usr/lib/x86_64-linux-gnu/libX11.so.6.4.0)
==19753==    by 0x48AE13D: XGetDefault (in /usr/lib/x86_64-linux-gnu/libX11.so.6.4.0)
==19753==    by 0x5163A82: _XcursorGetDisplayInfo (in /usr/lib/x86_64-linux-gnu/libXcursor.so.1.0.2)
==19753==    by 0x5163BBC: XcursorSupportsARGB (in /usr/lib/x86_64-linux-gnu/libXcursor.so.1.0.2)
==19753== 
==19753== 64 bytes in 1 blocks are still reachable in loss record 39 of 65
==19753==    at 0x4846828: malloc (in /usr/libexec/valgrind/vgpreload_memcheck-amd64-linux.so)
==19753==    by 0x48DAD3D: _XlcSetConverter (in /usr/lib/x86_64-linux-gnu/libX11.so.6.4.0)
==19753==    by 0x48E7DA2: _XlcAddUtf8Converters (in /usr/lib/x86_64-linux-gnu/libX11.so.6.4.0)
==19753==    by 0x4901E9D: _XlcDefaultLoader (in /usr/lib/x86_64-linux-gnu/libX11.so.6.4.0)
==19753==    by 0x48E6130: _XOpenLC (in /usr/lib/x86_64-linux-gnu/libX11.so.6.4.0)
==19753==    by 0x48E6B76: _XrmInitParseInfo (in /usr/lib/x86_64-linux-gnu/libX11.so.6.4.0)
==19753==    by 0x48D00AF: ??? (in /usr/lib/x86_64-linux-gnu/libX11.so.6.4.0)
==19753==    by 0x48D0532: XrmGetStringDatabase (in /usr/lib/x86_64-linux-gnu/libX11.so.6.4.0)
==19753==    by 0x48ADF4C: ??? (in /usr/lib/x86_64-linux-gnu/libX11.so.6.4.0)
==19753==    by 0x48AE13D: XGetDefault (in /usr/lib/x86_64-linux-gnu/libX11.so.6.4.0)
==19753==    by 0x5163A82: _XcursorGetDisplayInfo (in /usr/lib/x86_64-linux-gnu/libXcursor.so.1.0.2)
==19753==    by 0x5163BBC: XcursorSupportsARGB (in /usr/lib/x86_64-linux-gnu/libXcursor.so.1.0.2)
==19753== 
==19753== 64 bytes in 1 blocks are still reachable in loss record 40 of 65
==19753==    at 0x4846828: malloc (in /usr/libexec/valgrind/vgpreload_memcheck-amd64-linux.so)
==19753==    by 0x48DAD3D: _XlcSetConverter (in /usr/lib/x86_64-linux-gnu/libX11.so.6.4.0)
==19753==    by 0x48E7DBA: _XlcAddUtf8Converters (in /usr/lib/x86_64-linux-gnu/libX11.so.6.4.0)
==19753==    by 0x4901E9D: _XlcDefaultLoader (in /usr/lib/x86_64-linux-gnu/libX11.so.6.4.0)
==19753==    by 0x48E6130: _XOpenLC (in /usr/lib/x86_64-linux-gnu/libX11.so.6.4.0)
==19753==    by 0x48E6B76: _XrmInitParseInfo (in /usr/lib/x86_64-linux-gnu/libX11.so.6.4.0)
==19753==    by 0x48D00AF: ??? (in /usr/lib/x86_64-linux-gnu/libX11.so.6.4.0)
==19753==    by 0x48D0532: XrmGetStringDatabase (in /usr/lib/x86_64-linux-gnu/libX11.so.6.4.0)
==19753==    by 0x48ADF4C: ??? (in /usr/lib/x86_64-linux-gnu/libX11.so.6.4.0)
==19753==    by 0x48AE13D: XGetDefault (in /usr/lib/x86_64-linux-gnu/libX11.so.6.4.0)
==19753==    by 0x5163A82: _XcursorGetDisplayInfo (in /usr/lib/x86_64-linux-gnu/libXcursor.so.1.0.2)
==19753==    by 0x5163BBC: XcursorSupportsARGB (in /usr/lib/x86_64-linux-gnu/libXcursor.so.1.0.2)
==19753== 
==19753== 64 bytes in 1 blocks are still reachable in loss record 41 of 65
==19753==    at 0x4846828: malloc (in /usr/libexec/valgrind/vgpreload_memcheck-amd64-linux.so)
==19753==    by 0x48DAD3D: _XlcSetConverter (in /usr/lib/x86_64-linux-gnu/libX11.so.6.4.0)
==19753==    by 0x48E7DD2: _XlcAddUtf8Converters (in /usr/lib/x86_64-linux-gnu/libX11.so.6.4.0)
==19753==    by 0x4901E9D: _XlcDefaultLoader (in /usr/lib/x86_64-linux-gnu/libX11.so.6.4.0)
==19753==    by 0x48E6130: _XOpenLC (in /usr/lib/x86_64-linux-gnu/libX11.so.6.4.0)
==19753==    by 0x48E6B76: _XrmInitParseInfo (in /usr/lib/x86_64-linux-gnu/libX11.so.6.4.0)
==19753==    by 0x48D00AF: ??? (in /usr/lib/x86_64-linux-gnu/libX11.so.6.4.0)
==19753==    by 0x48D0532: XrmGetStringDatabase (in /usr/lib/x86_64-linux-gnu/libX11.so.6.4.0)
==19753==    by 0x48ADF4C: ??? (in /usr/lib/x86_64-linux-gnu/libX11.so.6.4.0)
==19753==    by 0x48AE13D: XGetDefault (in /usr/lib/x86_64-linux-gnu/libX11.so.6.4.0)
==19753==    by 0x5163A82: _XcursorGetDisplayInfo (in /usr/lib/x86_64-linux-gnu/libXcursor.so.1.0.2)
==19753==    by 0x5163BBC: XcursorSupportsARGB (in /usr/lib/x86_64-linux-gnu/libXcursor.so.1.0.2)
==19753== 
==19753== 64 bytes in 1 blocks are still reachable in loss record 42 of 65
==19753==    at 0x4846828: malloc (in /usr/libexec/valgrind/vgpreload_memcheck-amd64-linux.so)
==19753==    by 0x48DAD3D: _XlcSetConverter (in /usr/lib/x86_64-linux-gnu/libX11.so.6.4.0)
==19753==    by 0x48E7DF1: _XlcAddUtf8Converters (in /usr/lib/x86_64-linux-gnu/libX11.so.6.4.0)
==19753==    by 0x4901E9D: _XlcDefaultLoader (in /usr/lib/x86_64-linux-gnu/libX11.so.6.4.0)
==19753==    by 0x48E6130: _XOpenLC (in /usr/lib/x86_64-linux-gnu/libX11.so.6.4.0)
==19753==    by 0x48E6B76: _XrmInitParseInfo (in /usr/lib/x86_64-linux-gnu/libX11.so.6.4.0)
==19753==    by 0x48D00AF: ??? (in /usr/lib/x86_64-linux-gnu/libX11.so.6.4.0)
==19753==    by 0x48D0532: XrmGetStringDatabase (in /usr/lib/x86_64-linux-gnu/libX11.so.6.4.0)
==19753==    by 0x48ADF4C: ??? (in /usr/lib/x86_64-linux-gnu/libX11.so.6.4.0)
==19753==    by 0x48AE13D: XGetDefault (in /usr/lib/x86_64-linux-gnu/libX11.so.6.4.0)
==19753==    by 0x5163A82: _XcursorGetDisplayInfo (in /usr/lib/x86_64-linux-gnu/libXcursor.so.1.0.2)
==19753==    by 0x5163BBC: XcursorSupportsARGB (in /usr/lib/x86_64-linux-gnu/libXcursor.so.1.0.2)
==19753== 
==19753== 64 bytes in 1 blocks are still reachable in loss record 43 of 65
==19753==    at 0x4846828: malloc (in /usr/libexec/valgrind/vgpreload_memcheck-amd64-linux.so)
==19753==    by 0x48DAD3D: _XlcSetConverter (in /usr/lib/x86_64-linux-gnu/libX11.so.6.4.0)
==19753==    by 0x4901E9D: _XlcDefaultLoader (in /usr/lib/x86_64-linux-gnu/libX11.so.6.4.0)
==19753==    by 0x48E6130: _XOpenLC (in /usr/lib/x86_64-linux-gnu/libX11.so.6.4.0)
==19753==    by 0x48E6B76: _XrmInitParseInfo (in /usr/lib/x86_64-linux-gnu/libX11.so.6.4.0)
==19753==    by 0x48D00AF: ??? (in /usr/lib/x86_64-linux-gnu/libX11.so.6.4.0)
==19753==    by 0x48D0532: XrmGetStringDatabase (in /usr/lib/x86_64-linux-gnu/libX11.so.6.4.0)
==19753==    by 0x48ADF4C: ??? (in /usr/lib/x86_64-linux-gnu/libX11.so.6.4.0)
==19753==    by 0x48AE13D: XGetDefault (in /usr/lib/x86_64-linux-gnu/libX11.so.6.4.0)
==19753==    by 0x5163A82: _XcursorGetDisplayInfo (in /usr/lib/x86_64-linux-gnu/libXcursor.so.1.0.2)
==19753==    by 0x5163BBC: XcursorSupportsARGB (in /usr/lib/x86_64-linux-gnu/libXcursor.so.1.0.2)
==19753==    by 0x516705E: XcursorNoticeCreateBitmap (in /usr/lib/x86_64-linux-gnu/libXcursor.so.1.0.2)
==19753== 
==19753== 75 bytes in 2 blocks are still reachable in loss record 44 of 65
==19753==    at 0x4846828: malloc (in /usr/libexec/valgrind/vgpreload_memcheck-amd64-linux.so)
==19753==    by 0x4028ABF: malloc (rtld-malloc.h:56)
==19753==    by 0x4028ABF: strdup (strdup.c:42)
==19753==    by 0x4016A95: _dl_load_cache_lookup (dl-cache.c:515)
==19753==    by 0x40097CA: _dl_map_object (dl-load.c:2135)
==19753==    by 0x4002A2C: openaux (dl-deps.c:64)
==19753==    by 0x400151B: _dl_catch_exception (dl-catch.c:237)
==19753==    by 0x4002E66: _dl_map_object_deps (dl-deps.c:232)
==19753==    by 0x400D944: dl_open_worker_begin (dl-open.c:638)
==19753==    by 0x400151B: _dl_catch_exception (dl-catch.c:237)
==19753==    by 0x400CD1F: dl_open_worker (dl-open.c:803)
==19753==    by 0x400151B: _dl_catch_exception (dl-catch.c:237)
==19753==    by 0x400D163: _dl_open (dl-open.c:905)
==19753== 
==19753== 75 bytes in 2 blocks are still reachable in loss record 45 of 65
==19753==    at 0x4846828: malloc (in /usr/libexec/valgrind/vgpreload_memcheck-amd64-linux.so)
==19753==    by 0x400CA68: malloc (rtld-malloc.h:56)
==19753==    by 0x400CA68: _dl_new_object (dl-object.c:199)
==19753==    by 0x4007ABE: _dl_map_object_from_fd (dl-load.c:1053)
==19753==    by 0x4009528: _dl_map_object (dl-load.c:2268)
==19753==    by 0x4002A2C: openaux (dl-deps.c:64)
==19753==    by 0x400151B: _dl_catch_exception (dl-catch.c:237)
==19753==    by 0x4002E66: _dl_map_object_deps (dl-deps.c:232)
==19753==    by 0x400D944: dl_open_worker_begin (dl-open.c:638)
==19753==    by 0x400151B: _dl_catch_exception (dl-catch.c:237)
==19753==    by 0x400CD1F: dl_open_worker (dl-open.c:803)
==19753==    by 0x400151B: _dl_catch_exception (dl-catch.c:237)
==19753==    by 0x400D163: _dl_open (dl-open.c:905)
==19753== 
==19753== 142 bytes in 18 blocks are still reachable in loss record 46 of 65
==19753==    at 0x4846828: malloc (in /usr/libexec/valgrind/vgpreload_memcheck-amd64-linux.so)
==19753==    by 0x48D35B0: ??? (in /usr/lib/x86_64-linux-gnu/libX11.so.6.4.0)
==19753==    by 0x48D4F54: ??? (in /usr/lib/x86_64-linux-gnu/libX11.so.6.4.0)
==19753==    by 0x48D4FC6: ??? (in /usr/lib/x86_64-linux-gnu/libX11.so.6.4.0)
==19753==    by 0x48E2427: _XlcCreateLocaleDataBase (in /usr/lib/x86_64-linux-gnu/libX11.so.6.4.0)
==19753==    by 0x48E6D0E: ??? (in /usr/lib/x86_64-linux-gnu/libX11.so.6.4.0)
==19753==    by 0x48E504E: ??? (in /usr/lib/x86_64-linux-gnu/libX11.so.6.4.0)
==19753==    by 0x48E1C3D: _XlcCreateLC (in /usr/lib/x86_64-linux-gnu/libX11.so.6.4.0)
==19753==    by 0x4901D53: _XlcDefaultLoader (in /usr/lib/x86_64-linux-gnu/libX11.so.6.4.0)
==19753==    by 0x48E6130: _XOpenLC (in /usr/lib/x86_64-linux-gnu/libX11.so.6.4.0)
==19753==    by 0x48E6B76: _XrmInitParseInfo (in /usr/lib/x86_64-linux-gnu/libX11.so.6.4.0)
==19753==    by 0x48D00AF: ??? (in /usr/lib/x86_64-linux-gnu/libX11.so.6.4.0)
==19753== 
==19753== 160 bytes in 2 blocks are still reachable in loss record 47 of 65
==19753==    at 0x484D953: calloc (in /usr/libexec/valgrind/vgpreload_memcheck-amd64-linux.so)
==19753==    by 0x48E021E: ??? (in /usr/lib/x86_64-linux-gnu/libX11.so.6.4.0)
==19753==    by 0x48E32A3: ??? (in /usr/lib/x86_64-linux-gnu/libX11.so.6.4.0)
==19753==    by 0x48E505A: ??? (in /usr/lib/x86_64-linux-gnu/libX11.so.6.4.0)
==19753==    by 0x48E1C3D: _XlcCreateLC (in /usr/lib/x86_64-linux-gnu/libX11.so.6.4.0)
==19753==    by 0x4901D53: _XlcDefaultLoader (in /usr/lib/x86_64-linux-gnu/libX11.so.6.4.0)
==19753==    by 0x48E6130: _XOpenLC (in /usr/lib/x86_64-linux-gnu/libX11.so.6.4.0)
==19753==    by 0x48E6B76: _XrmInitParseInfo (in /usr/lib/x86_64-linux-gnu/libX11.so.6.4.0)
==19753==    by 0x48D00AF: ??? (in /usr/lib/x86_64-linux-gnu/libX11.so.6.4.0)
==19753==    by 0x48D0532: XrmGetStringDatabase (in /usr/lib/x86_64-linux-gnu/libX11.so.6.4.0)
==19753==    by 0x48ADF4C: ??? (in /usr/lib/x86_64-linux-gnu/libX11.so.6.4.0)
==19753==    by 0x48AE13D: XGetDefault (in /usr/lib/x86_64-linux-gnu/libX11.so.6.4.0)
==19753== 
==19753== 168 bytes in 1 blocks are still reachable in loss record 48 of 65
==19753==    at 0x4846828: malloc (in /usr/libexec/valgrind/vgpreload_memcheck-amd64-linux.so)
==19753==    by 0x48DFF88: ??? (in /usr/lib/x86_64-linux-gnu/libX11.so.6.4.0)
==19753==    by 0x48E1C1A: _XlcCreateLC (in /usr/lib/x86_64-linux-gnu/libX11.so.6.4.0)
==19753==    by 0x4901D53: _XlcDefaultLoader (in /usr/lib/x86_64-linux-gnu/libX11.so.6.4.0)
==19753==    by 0x48E6130: _XOpenLC (in /usr/lib/x86_64-linux-gnu/libX11.so.6.4.0)
==19753==    by 0x48E6B76: _XrmInitParseInfo (in /usr/lib/x86_64-linux-gnu/libX11.so.6.4.0)
==19753==    by 0x48D00AF: ??? (in /usr/lib/x86_64-linux-gnu/libX11.so.6.4.0)
==19753==    by 0x48D0532: XrmGetStringDatabase (in /usr/lib/x86_64-linux-gnu/libX11.so.6.4.0)
==19753==    by 0x48ADF4C: ??? (in /usr/lib/x86_64-linux-gnu/libX11.so.6.4.0)
==19753==    by 0x48AE13D: XGetDefault (in /usr/lib/x86_64-linux-gnu/libX11.so.6.4.0)
==19753==    by 0x5163A82: _XcursorGetDisplayInfo (in /usr/lib/x86_64-linux-gnu/libXcursor.so.1.0.2)
==19753==    by 0x5163BBC: XcursorSupportsARGB (in /usr/lib/x86_64-linux-gnu/libXcursor.so.1.0.2)
==19753== 
==19753== 176 bytes in 1 blocks are still reachable in loss record 49 of 65
==19753==    at 0x484D953: calloc (in /usr/libexec/valgrind/vgpreload_memcheck-amd64-linux.so)
==19753==    by 0x48DFF6D: ??? (in /usr/lib/x86_64-linux-gnu/libX11.so.6.4.0)
==19753==    by 0x48E1C1A: _XlcCreateLC (in /usr/lib/x86_64-linux-gnu/libX11.so.6.4.0)
==19753==    by 0x4901D53: _XlcDefaultLoader (in /usr/lib/x86_64-linux-gnu/libX11.so.6.4.0)
==19753==    by 0x48E6130: _XOpenLC (in /usr/lib/x86_64-linux-gnu/libX11.so.6.4.0)
==19753==    by 0x48E6B76: _XrmInitParseInfo (in /usr/lib/x86_64-linux-gnu/libX11.so.6.4.0)
==19753==    by 0x48D00AF: ??? (in /usr/lib/x86_64-linux-gnu/libX11.so.6.4.0)
==19753==    by 0x48D0532: XrmGetStringDatabase (in /usr/lib/x86_64-linux-gnu/libX11.so.6.4.0)
==19753==    by 0x48ADF4C: ??? (in /usr/lib/x86_64-linux-gnu/libX11.so.6.4.0)
==19753==    by 0x48AE13D: XGetDefault (in /usr/lib/x86_64-linux-gnu/libX11.so.6.4.0)
==19753==    by 0x5163A82: _XcursorGetDisplayInfo (in /usr/lib/x86_64-linux-gnu/libXcursor.so.1.0.2)
==19753==    by 0x5163BBC: XcursorSupportsARGB (in /usr/lib/x86_64-linux-gnu/libXcursor.so.1.0.2)
==19753== 
==19753== 216 bytes in 18 blocks are still reachable in loss record 50 of 65
==19753==    at 0x4846828: malloc (in /usr/libexec/valgrind/vgpreload_memcheck-amd64-linux.so)
==19753==    by 0x4B6335E: strdup (strdup.c:42)
==19753==    by 0x48D4CDA: ??? (in /usr/lib/x86_64-linux-gnu/libX11.so.6.4.0)
==19753==    by 0x48D4FC6: ??? (in /usr/lib/x86_64-linux-gnu/libX11.so.6.4.0)
==19753==    by 0x48E2427: _XlcCreateLocaleDataBase (in /usr/lib/x86_64-linux-gnu/libX11.so.6.4.0)
==19753==    by 0x48E6D0E: ??? (in /usr/lib/x86_64-linux-gnu/libX11.so.6.4.0)
==19753==    by 0x48E504E: ??? (in /usr/lib/x86_64-linux-gnu/libX11.so.6.4.0)
==19753==    by 0x48E1C3D: _XlcCreateLC (in /usr/lib/x86_64-linux-gnu/libX11.so.6.4.0)
==19753==    by 0x4901D53: _XlcDefaultLoader (in /usr/lib/x86_64-linux-gnu/libX11.so.6.4.0)
==19753==    by 0x48E6130: _XOpenLC (in /usr/lib/x86_64-linux-gnu/libX11.so.6.4.0)
==19753==    by 0x48E6B76: _XrmInitParseInfo (in /usr/lib/x86_64-linux-gnu/libX11.so.6.4.0)
==19753==    by 0x48D00AF: ??? (in /usr/lib/x86_64-linux-gnu/libX11.so.6.4.0)
==19753== 
==19753== 274 bytes in 18 blocks are still reachable in loss record 51 of 65
==19753==    at 0x4846828: malloc (in /usr/libexec/valgrind/vgpreload_memcheck-amd64-linux.so)
==19753==    by 0x4B6335E: strdup (strdup.c:42)
==19753==    by 0x48D4ECD: ??? (in /usr/lib/x86_64-linux-gnu/libX11.so.6.4.0)
==19753==    by 0x48D4FC6: ??? (in /usr/lib/x86_64-linux-gnu/libX11.so.6.4.0)
==19753==    by 0x48E2427: _XlcCreateLocaleDataBase (in /usr/lib/x86_64-linux-gnu/libX11.so.6.4.0)
==19753==    by 0x48E6D0E: ??? (in /usr/lib/x86_64-linux-gnu/libX11.so.6.4.0)
==19753==    by 0x48E504E: ??? (in /usr/lib/x86_64-linux-gnu/libX11.so.6.4.0)
==19753==    by 0x48E1C3D: _XlcCreateLC (in /usr/lib/x86_64-linux-gnu/libX11.so.6.4.0)
==19753==    by 0x4901D53: _XlcDefaultLoader (in /usr/lib/x86_64-linux-gnu/libX11.so.6.4.0)
==19753==    by 0x48E6130: _XOpenLC (in /usr/lib/x86_64-linux-gnu/libX11.so.6.4.0)
==19753==    by 0x48E6B76: _XrmInitParseInfo (in /usr/lib/x86_64-linux-gnu/libX11.so.6.4.0)
==19753==    by 0x48D00AF: ??? (in /usr/lib/x86_64-linux-gnu/libX11.so.6.4.0)
==19753== 
==19753== 288 bytes in 18 blocks are still reachable in loss record 52 of 65
==19753==    at 0x4846828: malloc (in /usr/libexec/valgrind/vgpreload_memcheck-amd64-linux.so)
==19753==    by 0x48D358D: ??? (in /usr/lib/x86_64-linux-gnu/libX11.so.6.4.0)
==19753==    by 0x48D4F54: ??? (in /usr/lib/x86_64-linux-gnu/libX11.so.6.4.0)
==19753==    by 0x48D4FC6: ??? (in /usr/lib/x86_64-linux-gnu/libX11.so.6.4.0)
==19753==    by 0x48E2427: _XlcCreateLocaleDataBase (in /usr/lib/x86_64-linux-gnu/libX11.so.6.4.0)
==19753==    by 0x48E6D0E: ??? (in /usr/lib/x86_64-linux-gnu/libX11.so.6.4.0)
==19753==    by 0x48E504E: ??? (in /usr/lib/x86_64-linux-gnu/libX11.so.6.4.0)
==19753==    by 0x48E1C3D: _XlcCreateLC (in /usr/lib/x86_64-linux-gnu/libX11.so.6.4.0)
==19753==    by 0x4901D53: _XlcDefaultLoader (in /usr/lib/x86_64-linux-gnu/libX11.so.6.4.0)
==19753==    by 0x48E6130: _XOpenLC (in /usr/lib/x86_64-linux-gnu/libX11.so.6.4.0)
==19753==    by 0x48E6B76: _XrmInitParseInfo (in /usr/lib/x86_64-linux-gnu/libX11.so.6.4.0)
==19753==    by 0x48D00AF: ??? (in /usr/lib/x86_64-linux-gnu/libX11.so.6.4.0)
==19753== 
==19753== 408 bytes in 3 blocks are still reachable in loss record 53 of 65
==19753==    at 0x484D953: calloc (in /usr/libexec/valgrind/vgpreload_memcheck-amd64-linux.so)
==19753==    by 0x401622F: calloc (rtld-malloc.h:44)
==19753==    by 0x401622F: _dl_check_map_versions (dl-version.c:280)
==19753==    by 0x400DC7C: dl_open_worker_begin (dl-open.c:646)
==19753==    by 0x400151B: _dl_catch_exception (dl-catch.c:237)
==19753==    by 0x400CD1F: dl_open_worker (dl-open.c:803)
==19753==    by 0x400151B: _dl_catch_exception (dl-catch.c:237)
==19753==    by 0x400D163: _dl_open (dl-open.c:905)
==19753==    by 0x4B471A3: dlopen_doit (dlopen.c:56)
==19753==    by 0x400151B: _dl_catch_exception (dl-catch.c:237)
==19753==    by 0x4001668: _dl_catch_error (dl-catch.c:256)
==19753==    by 0x4B46C82: _dlerror_run (dlerror.c:138)
==19753==    by 0x4B4725E: dlopen_implementation (dlopen.c:71)
==19753==    by 0x4B4725E: dlopen@@GLIBC_2.34 (dlopen.c:81)
==19753== 
==19753== 456 bytes in 1 blocks are still reachable in loss record 54 of 65
==19753==    at 0x484D953: calloc (in /usr/libexec/valgrind/vgpreload_memcheck-amd64-linux.so)
==19753==    by 0x48E24C5: _XlcCreateLocaleDataBase (in /usr/lib/x86_64-linux-gnu/libX11.so.6.4.0)
==19753==    by 0x48E6D0E: ??? (in /usr/lib/x86_64-linux-gnu/libX11.so.6.4.0)
==19753==    by 0x48E504E: ??? (in /usr/lib/x86_64-linux-gnu/libX11.so.6.4.0)
==19753==    by 0x48E1C3D: _XlcCreateLC (in /usr/lib/x86_64-linux-gnu/libX11.so.6.4.0)
==19753==    by 0x4901D53: _XlcDefaultLoader (in /usr/lib/x86_64-linux-gnu/libX11.so.6.4.0)
==19753==    by 0x48E6130: _XOpenLC (in /usr/lib/x86_64-linux-gnu/libX11.so.6.4.0)
==19753==    by 0x48E6B76: _XrmInitParseInfo (in /usr/lib/x86_64-linux-gnu/libX11.so.6.4.0)
==19753==    by 0x48D00AF: ??? (in /usr/lib/x86_64-linux-gnu/libX11.so.6.4.0)
==19753==    by 0x48D0532: XrmGetStringDatabase (in /usr/lib/x86_64-linux-gnu/libX11.so.6.4.0)
==19753==    by 0x48ADF4C: ??? (in /usr/lib/x86_64-linux-gnu/libX11.so.6.4.0)
==19753==    by 0x48AE13D: XGetDefault (in /usr/lib/x86_64-linux-gnu/libX11.so.6.4.0)
==19753== 
==19753== 633 bytes in 49 blocks are still reachable in loss record 55 of 65
==19753==    at 0x4846828: malloc (in /usr/libexec/valgrind/vgpreload_memcheck-amd64-linux.so)
==19753==    by 0x48DA8A5: _XlcCreateDefaultCharSet (in /usr/lib/x86_64-linux-gnu/libX11.so.6.4.0)
==19753==    by 0x48DAC62: _XlcAddCT (in /usr/lib/x86_64-linux-gnu/libX11.so.6.4.0)
==19753==    by 0x48DAE0F: _XlcInitCTInfo (in /usr/lib/x86_64-linux-gnu/libX11.so.6.4.0)
==19753==    by 0x48E6BD5: ??? (in /usr/lib/x86_64-linux-gnu/libX11.so.6.4.0)
==19753==    by 0x48E504E: ??? (in /usr/lib/x86_64-linux-gnu/libX11.so.6.4.0)
==19753==    by 0x48E1C3D: _XlcCreateLC (in /usr/lib/x86_64-linux-gnu/libX11.so.6.4.0)
==19753==    by 0x4903E39: _XlcUtf8Loader (in /usr/lib/x86_64-linux-gnu/libX11.so.6.4.0)
==19753==    by 0x48E6130: _XOpenLC (in /usr/lib/x86_64-linux-gnu/libX11.so.6.4.0)
==19753==    by 0x48E6B76: _XrmInitParseInfo (in /usr/lib/x86_64-linux-gnu/libX11.so.6.4.0)
==19753==    by 0x48D00AF: ??? (in /usr/lib/x86_64-linux-gnu/libX11.so.6.4.0)
==19753==    by 0x48D0532: XrmGetStringDatabase (in /usr/lib/x86_64-linux-gnu/libX11.so.6.4.0)
==19753== 
==19753== 720 bytes in 18 blocks are still reachable in loss record 56 of 65
==19753==    at 0x484D953: calloc (in /usr/libexec/valgrind/vgpreload_memcheck-amd64-linux.so)
==19753==    by 0x48D4CC2: ??? (in /usr/lib/x86_64-linux-gnu/libX11.so.6.4.0)
==19753==    by 0x48D4FC6: ??? (in /usr/lib/x86_64-linux-gnu/libX11.so.6.4.0)
==19753==    by 0x48E2427: _XlcCreateLocaleDataBase (in /usr/lib/x86_64-linux-gnu/libX11.so.6.4.0)
==19753==    by 0x48E6D0E: ??? (in /usr/lib/x86_64-linux-gnu/libX11.so.6.4.0)
==19753==    by 0x48E504E: ??? (in /usr/lib/x86_64-linux-gnu/libX11.so.6.4.0)
==19753==    by 0x48E1C3D: _XlcCreateLC (in /usr/lib/x86_64-linux-gnu/libX11.so.6.4.0)
==19753==    by 0x4901D53: _XlcDefaultLoader (in /usr/lib/x86_64-linux-gnu/libX11.so.6.4.0)
==19753==    by 0x48E6130: _XOpenLC (in /usr/lib/x86_64-linux-gnu/libX11.so.6.4.0)
==19753==    by 0x48E6B76: _XrmInitParseInfo (in /usr/lib/x86_64-linux-gnu/libX11.so.6.4.0)
==19753==    by 0x48D00AF: ??? (in /usr/lib/x86_64-linux-gnu/libX11.so.6.4.0)
==19753==    by 0x48D0532: XrmGetStringDatabase (in /usr/lib/x86_64-linux-gnu/libX11.so.6.4.0)
==19753== 
==19753== 800 bytes in 50 blocks are still reachable in loss record 57 of 65
==19753==    at 0x4846828: malloc (in /usr/libexec/valgrind/vgpreload_memcheck-amd64-linux.so)
==19753==    by 0x48DA751: _XlcAddCharSet (in /usr/lib/x86_64-linux-gnu/libX11.so.6.4.0)
==19753==    by 0x48DAC72: _XlcAddCT (in /usr/lib/x86_64-linux-gnu/libX11.so.6.4.0)
==19753==    by 0x48DAE0F: _XlcInitCTInfo (in /usr/lib/x86_64-linux-gnu/libX11.so.6.4.0)
==19753==    by 0x48E6BD5: ??? (in /usr/lib/x86_64-linux-gnu/libX11.so.6.4.0)
==19753==    by 0x48E504E: ??? (in /usr/lib/x86_64-linux-gnu/libX11.so.6.4.0)
==19753==    by 0x48E1C3D: _XlcCreateLC (in /usr/lib/x86_64-linux-gnu/libX11.so.6.4.0)
==19753==    by 0x4903E39: _XlcUtf8Loader (in /usr/lib/x86_64-linux-gnu/libX11.so.6.4.0)
==19753==    by 0x48E6130: _XOpenLC (in /usr/lib/x86_64-linux-gnu/libX11.so.6.4.0)
==19753==    by 0x48E6B76: _XrmInitParseInfo (in /usr/lib/x86_64-linux-gnu/libX11.so.6.4.0)
==19753==    by 0x48D00AF: ??? (in /usr/lib/x86_64-linux-gnu/libX11.so.6.4.0)
==19753==    by 0x48D0532: XrmGetStringDatabase (in /usr/lib/x86_64-linux-gnu/libX11.so.6.4.0)
==19753== 
==19753== 1,028 bytes in 50 blocks are still reachable in loss record 58 of 65
==19753==    at 0x4846828: malloc (in /usr/libexec/valgrind/vgpreload_memcheck-amd64-linux.so)
==19753==    by 0x48DA830: _XlcCreateDefaultCharSet (in /usr/lib/x86_64-linux-gnu/libX11.so.6.4.0)
==19753==    by 0x48DAC62: _XlcAddCT (in /usr/lib/x86_64-linux-gnu/libX11.so.6.4.0)
==19753==    by 0x48DAE0F: _XlcInitCTInfo (in /usr/lib/x86_64-linux-gnu/libX11.so.6.4.0)
==19753==    by 0x48E6BD5: ??? (in /usr/lib/x86_64-linux-gnu/libX11.so.6.4.0)
==19753==    by 0x48E504E: ??? (in /usr/lib/x86_64-linux-gnu/libX11.so.6.4.0)
==19753==    by 0x48E1C3D: _XlcCreateLC (in /usr/lib/x86_64-linux-gnu/libX11.so.6.4.0)
==19753==    by 0x4903E39: _XlcUtf8Loader (in /usr/lib/x86_64-linux-gnu/libX11.so.6.4.0)
==19753==    by 0x48E6130: _XOpenLC (in /usr/lib/x86_64-linux-gnu/libX11.so.6.4.0)
==19753==    by 0x48E6B76: _XrmInitParseInfo (in /usr/lib/x86_64-linux-gnu/libX11.so.6.4.0)
==19753==    by 0x48D00AF: ??? (in /usr/lib/x86_64-linux-gnu/libX11.so.6.4.0)
==19753==    by 0x48D0532: XrmGetStringDatabase (in /usr/lib/x86_64-linux-gnu/libX11.so.6.4.0)
==19753== 
==19753== 1,256 bytes in 1 blocks are still reachable in loss record 59 of 65
==19753==    at 0x484D953: calloc (in /usr/libexec/valgrind/vgpreload_memcheck-amd64-linux.so)
==19753==    by 0x400C72C: calloc (rtld-malloc.h:44)
==19753==    by 0x400C72C: _dl_new_object (dl-object.c:92)
==19753==    by 0x4007ABE: _dl_map_object_from_fd (dl-load.c:1053)
==19753==    by 0x4009528: _dl_map_object (dl-load.c:2268)
==19753==    by 0x400D8DB: dl_open_worker_begin (dl-open.c:578)
==19753==    by 0x400151B: _dl_catch_exception (dl-catch.c:237)
==19753==    by 0x400CD1F: dl_open_worker (dl-open.c:803)
==19753==    by 0x400151B: _dl_catch_exception (dl-catch.c:237)
==19753==    by 0x400D163: _dl_open (dl-open.c:905)
==19753==    by 0x4B471A3: dlopen_doit (dlopen.c:56)
==19753==    by 0x400151B: _dl_catch_exception (dl-catch.c:237)
==19753==    by 0x4001668: _dl_catch_error (dl-catch.c:256)
==19753== 
==19753== 2,048 bytes in 1 blocks are still reachable in loss record 60 of 65
==19753==    at 0x4846828: malloc (in /usr/libexec/valgrind/vgpreload_memcheck-amd64-linux.so)
==19753==    by 0x48E2622: _XlcCreateLocaleDataBase (in /usr/lib/x86_64-linux-gnu/libX11.so.6.4.0)
==19753==    by 0x48E6D0E: ??? (in /usr/lib/x86_64-linux-gnu/libX11.so.6.4.0)
==19753==    by 0x48E504E: ??? (in /usr/lib/x86_64-linux-gnu/libX11.so.6.4.0)
==19753==    by 0x48E1C3D: _XlcCreateLC (in /usr/lib/x86_64-linux-gnu/libX11.so.6.4.0)
==19753==    by 0x4903E39: _XlcUtf8Loader (in /usr/lib/x86_64-linux-gnu/libX11.so.6.4.0)
==19753==    by 0x48E6130: _XOpenLC (in /usr/lib/x86_64-linux-gnu/libX11.so.6.4.0)
==19753==    by 0x48E6B76: _XrmInitParseInfo (in /usr/lib/x86_64-linux-gnu/libX11.so.6.4.0)
==19753==    by 0x48D00AF: ??? (in /usr/lib/x86_64-linux-gnu/libX11.so.6.4.0)
==19753==    by 0x48D0532: XrmGetStringDatabase (in /usr/lib/x86_64-linux-gnu/libX11.so.6.4.0)
==19753==    by 0x48ADF4C: ??? (in /usr/lib/x86_64-linux-gnu/libX11.so.6.4.0)
==19753==    by 0x48AE13D: XGetDefault (in /usr/lib/x86_64-linux-gnu/libX11.so.6.4.0)
==19753== 
==19753== 2,511 bytes in 2 blocks are still reachable in loss record 61 of 65
==19753==    at 0x484D953: calloc (in /usr/libexec/valgrind/vgpreload_memcheck-amd64-linux.so)
==19753==    by 0x400C72C: calloc (rtld-malloc.h:44)
==19753==    by 0x400C72C: _dl_new_object (dl-object.c:92)
==19753==    by 0x4007ABE: _dl_map_object_from_fd (dl-load.c:1053)
==19753==    by 0x4009528: _dl_map_object (dl-load.c:2268)
==19753==    by 0x4002A2C: openaux (dl-deps.c:64)
==19753==    by 0x400151B: _dl_catch_exception (dl-catch.c:237)
==19753==    by 0x4002E66: _dl_map_object_deps (dl-deps.c:232)
==19753==    by 0x400D944: dl_open_worker_begin (dl-open.c:638)
==19753==    by 0x400151B: _dl_catch_exception (dl-catch.c:237)
==19753==    by 0x400CD1F: dl_open_worker (dl-open.c:803)
==19753==    by 0x400151B: _dl_catch_exception (dl-catch.c:237)
==19753==    by 0x400D163: _dl_open (dl-open.c:905)
==19753== 
==19753== 2,631 bytes in 50 blocks are still reachable in loss record 62 of 65
==19753==    at 0x4846828: malloc (in /usr/libexec/valgrind/vgpreload_memcheck-amd64-linux.so)
==19753==    by 0x48DA9C3: _XlcAddCT (in /usr/lib/x86_64-linux-gnu/libX11.so.6.4.0)
==19753==    by 0x48DAE0F: _XlcInitCTInfo (in /usr/lib/x86_64-linux-gnu/libX11.so.6.4.0)
==19753==    by 0x48E6BD5: ??? (in /usr/lib/x86_64-linux-gnu/libX11.so.6.4.0)
==19753==    by 0x48E504E: ??? (in /usr/lib/x86_64-linux-gnu/libX11.so.6.4.0)
==19753==    by 0x48E1C3D: _XlcCreateLC (in /usr/lib/x86_64-linux-gnu/libX11.so.6.4.0)
==19753==    by 0x4903E39: _XlcUtf8Loader (in /usr/lib/x86_64-linux-gnu/libX11.so.6.4.0)
==19753==    by 0x48E6130: _XOpenLC (in /usr/lib/x86_64-linux-gnu/libX11.so.6.4.0)
==19753==    by 0x48E6B76: _XrmInitParseInfo (in /usr/lib/x86_64-linux-gnu/libX11.so.6.4.0)
==19753==    by 0x48D00AF: ??? (in /usr/lib/x86_64-linux-gnu/libX11.so.6.4.0)
==19753==    by 0x48D0532: XrmGetStringDatabase (in /usr/lib/x86_64-linux-gnu/libX11.so.6.4.0)
==19753==    by 0x48ADF4C: ??? (in /usr/lib/x86_64-linux-gnu/libX11.so.6.4.0)
==19753== 
==19753== 3,600 bytes in 50 blocks are still reachable in loss record 63 of 65
==19753==    at 0x484D953: calloc (in /usr/libexec/valgrind/vgpreload_memcheck-amd64-linux.so)
==19753==    by 0x48DA800: _XlcCreateDefaultCharSet (in /usr/lib/x86_64-linux-gnu/libX11.so.6.4.0)
==19753==    by 0x48DAC62: _XlcAddCT (in /usr/lib/x86_64-linux-gnu/libX11.so.6.4.0)
==19753==    by 0x48DAE0F: _XlcInitCTInfo (in /usr/lib/x86_64-linux-gnu/libX11.so.6.4.0)
==19753==    by 0x48E6BD5: ??? (in /usr/lib/x86_64-linux-gnu/libX11.so.6.4.0)
==19753==    by 0x48E504E: ??? (in /usr/lib/x86_64-linux-gnu/libX11.so.6.4.0)
==19753==    by 0x48E1C3D: _XlcCreateLC (in /usr/lib/x86_64-linux-gnu/libX11.so.6.4.0)
==19753==    by 0x4903E39: _XlcUtf8Loader (in /usr/lib/x86_64-linux-gnu/libX11.so.6.4.0)
==19753==    by 0x48E6130: _XOpenLC (in /usr/lib/x86_64-linux-gnu/libX11.so.6.4.0)
==19753==    by 0x48E6B76: _XrmInitParseInfo (in /usr/lib/x86_64-linux-gnu/libX11.so.6.4.0)
==19753==    by 0x48D00AF: ??? (in /usr/lib/x86_64-linux-gnu/libX11.so.6.4.0)
==19753==    by 0x48D0532: XrmGetStringDatabase (in /usr/lib/x86_64-linux-gnu/libX11.so.6.4.0)
==19753== 
==19753== 4,096 bytes in 1 blocks are still reachable in loss record 64 of 65
==19753==    at 0x484D953: calloc (in /usr/libexec/valgrind/vgpreload_memcheck-amd64-linux.so)
==19753==    by 0x48BC6D0: _XrmInternalStringToQuark (in /usr/lib/x86_64-linux-gnu/libX11.so.6.4.0)
==19753==    by 0x48CFFC3: XrmInitialize (in /usr/lib/x86_64-linux-gnu/libX11.so.6.4.0)
==19753==    by 0x48ADF3B: ??? (in /usr/lib/x86_64-linux-gnu/libX11.so.6.4.0)
==19753==    by 0x48AE13D: XGetDefault (in /usr/lib/x86_64-linux-gnu/libX11.so.6.4.0)
==19753==    by 0x5163A82: _XcursorGetDisplayInfo (in /usr/lib/x86_64-linux-gnu/libXcursor.so.1.0.2)
==19753==    by 0x5163BBC: XcursorSupportsARGB (in /usr/lib/x86_64-linux-gnu/libXcursor.so.1.0.2)
==19753==    by 0x516705E: XcursorNoticeCreateBitmap (in /usr/lib/x86_64-linux-gnu/libXcursor.so.1.0.2)
==19753==    by 0x48A6800: XCreatePixmap (in /usr/lib/x86_64-linux-gnu/libX11.so.6.4.0)
==19753==    by 0x48AABA7: XCreateBitmapFromData (in /usr/lib/x86_64-linux-gnu/libX11.so.6.4.0)
==19753==    by 0x118B40: mlx_mouse_hide (in /home/manon/Documents/42/cub3dgit/cub3d)
==19753==    by 0x1136ED: display_window (display.c:112)
==19753== 
==19753== 8,176 bytes in 1 blocks are still reachable in loss record 65 of 65
==19753==    at 0x4846828: malloc (in /usr/libexec/valgrind/vgpreload_memcheck-amd64-linux.so)
==19753==    by 0x48BB085: ??? (in /usr/lib/x86_64-linux-gnu/libX11.so.6.4.0)
==19753==    by 0x48BC849: _XrmInternalStringToQuark (in /usr/lib/x86_64-linux-gnu/libX11.so.6.4.0)
==19753==    by 0x48CFFC3: XrmInitialize (in /usr/lib/x86_64-linux-gnu/libX11.so.6.4.0)
==19753==    by 0x48ADF3B: ??? (in /usr/lib/x86_64-linux-gnu/libX11.so.6.4.0)
==19753==    by 0x48AE13D: XGetDefault (in /usr/lib/x86_64-linux-gnu/libX11.so.6.4.0)
==19753==    by 0x5163A82: _XcursorGetDisplayInfo (in /usr/lib/x86_64-linux-gnu/libXcursor.so.1.0.2)
==19753==    by 0x5163BBC: XcursorSupportsARGB (in /usr/lib/x86_64-linux-gnu/libXcursor.so.1.0.2)
==19753==    by 0x516705E: XcursorNoticeCreateBitmap (in /usr/lib/x86_64-linux-gnu/libXcursor.so.1.0.2)
==19753==    by 0x48A6800: XCreatePixmap (in /usr/lib/x86_64-linux-gnu/libX11.so.6.4.0)
==19753==    by 0x48AABA7: XCreateBitmapFromData (in /usr/lib/x86_64-linux-gnu/libX11.so.6.4.0)
==19753==    by 0x118B40: mlx_mouse_hide (in /home/manon/Documents/42/cub3dgit/cub3d)
==19753== 
==19753== LEAK SUMMARY:
==19753==    definitely lost: 104 bytes in 5 blocks
==19753==    indirectly lost: 0 bytes in 0 blocks
==19753==      possibly lost: 0 bytes in 0 blocks
==19753==    still reachable: 31,735 bytes in 400 blocks
==19753==         suppressed: 0 bytes in 0 blocks
==19753== 
==19753== For lists of detected and suppressed errors, rerun with: -s
==19753== ERROR SUMMARY: 8 errors from 6 contexts (suppressed: 0 from 0)
